# JRE version: OpenJDK Runtime Environment (17.0.6) (build 17.0.6+0-b2043.56-9586694)
# Java VM: OpenJDK 64-Bit Server VM (17.0.6+0-b2043.56-9586694, mixed mode, tiered, compressed oops, compressed class ptrs, g1 gc, windows-amd64)
GC Precious Log:
 CPUs: 12 total, 12 available
 Memory: 10085M
 Large Page Support: Disabled
 NUMA Support: Disabled
 Compressed Oops: Enabled (Zero based)
 Heap Region Size: 2M
 Heap Min Capacity: 8M
 Heap Initial Capacity: 158M
 Heap Max Capacity: 2522M
 Pre-touch: Disabled
 Parallel Workers: 10
 Concurrent Workers: 3
 Concurrent Refinement Workers: 10
 Periodic GC: Disabled
Heap:
 garbage-first heap   total 131072K, used 98150K [0x0000000762600000, 0x0000000800000000)
  region size 2048K, 21 young (43008K), 1 survivors (2048K)
 Metaspace       used 66486K, committed 66752K, reserved 1114112K
  class space    used 7881K, committed 8000K, reserved 1048576K
GC Heap History (20 events):
Event: 2.470 GC heap before
{Heap before GC invocations=10 (full 0):
 garbage-first heap   total 61440K, used 25466K [0x0000000762600000, 0x0000000800000000)
  region size 2048K, 3 young (6144K), 2 survivors (4096K)
 Metaspace       used 39557K, committed 39808K, reserved 1089536K
  class space    used 4952K, committed 5056K, reserved 1048576K
}
Event: 2.475 GC heap after
{Heap after GC invocations=11 (full 0):
 garbage-first heap   total 61440K, used 25554K [0x0000000762600000, 0x0000000800000000)
  region size 2048K, 1 young (2048K), 1 survivors (2048K)
 Metaspace       used 39557K, committed 39808K, reserved 1089536K
  class space    used 4952K, committed 5056K, reserved 1048576K
}
Event: 2.777 GC heap before
{Heap before GC invocations=11 (full 0):
 garbage-first heap   total 61440K, used 43986K [0x0000000762600000, 0x0000000800000000)
  region size 2048K, 10 young (20480K), 1 survivors (2048K)
 Metaspace       used 43511K, committed 43840K, reserved 1089536K
  class space    used 5294K, committed 5440K, reserved 1048576K
}
Event: 2.780 GC heap after
{Heap after GC invocations=12 (full 0):
 garbage-first heap   total 61440K, used 27124K [0x0000000762600000, 0x0000000800000000)
  region size 2048K, 1 young (2048K), 1 survivors (2048K)
 Metaspace       used 43511K, committed 43840K, reserved 1089536K
  class space    used 5294K, committed 5440K, reserved 1048576K
}
Event: 3.241 GC heap before
{Heap before GC invocations=12 (full 0):
 garbage-first heap   total 61440K, used 45556K [0x0000000762600000, 0x0000000800000000)
  region size 2048K, 10 young (20480K), 1 survivors (2048K)
 Metaspace       used 47678K, committed 47936K, reserved 1097728K
  class space    used 5766K, committed 5888K, reserved 1048576K
}
Event: 3.247 GC heap after
{Heap after GC invocations=13 (full 0):
 garbage-first heap   total 108544K, used 29092K [0x0000000762600000, 0x0000000800000000)
  region size 2048K, 2 young (4096K), 2 survivors (4096K)
 Metaspace       used 47678K, committed 47936K, reserved 1097728K
  class space    used 5766K, committed 5888K, reserved 1048576K
}
Event: 3.892 GC heap before
{Heap before GC invocations=13 (full 0):
 garbage-first heap   total 108544K, used 78244K [0x0000000762600000, 0x0000000800000000)
  region size 2048K, 25 young (51200K), 2 survivors (4096K)
 Metaspace       used 52279K, committed 52544K, reserved 1097728K
  class space    used 6278K, committed 6400K, reserved 1048576K
}
Event: 3.904 GC heap after
{Heap after GC invocations=14 (full 0):
 garbage-first heap   total 108544K, used 35339K [0x0000000762600000, 0x0000000800000000)
  region size 2048K, 4 young (8192K), 4 survivors (8192K)
 Metaspace       used 52279K, committed 52544K, reserved 1097728K
  class space    used 6278K, committed 6400K, reserved 1048576K
}
Event: 5.001 GC heap before
{Heap before GC invocations=14 (full 0):
 garbage-first heap   total 108544K, used 78347K [0x0000000762600000, 0x0000000800000000)
  region size 2048K, 25 young (51200K), 4 survivors (8192K)
 Metaspace       used 58809K, committed 59136K, reserved 1105920K
  class space    used 7012K, committed 7168K, reserved 1048576K
}
Event: 5.020 GC heap after
{Heap after GC invocations=15 (full 0):
 garbage-first heap   total 108544K, used 43514K [0x0000000762600000, 0x0000000800000000)
  region size 2048K, 4 young (8192K), 4 survivors (8192K)
 Metaspace       used 58809K, committed 59136K, reserved 1105920K
  class space    used 7012K, committed 7168K, reserved 1048576K
}
Event: 5.541 GC heap before
{Heap before GC invocations=15 (full 0):
 garbage-first heap   total 108544K, used 66042K [0x0000000762600000, 0x0000000800000000)
  region size 2048K, 16 young (32768K), 4 survivors (8192K)
 Metaspace       used 60111K, committed 60416K, reserved 1105920K
  class space    used 7085K, committed 7232K, reserved 1048576K
}
Event: 5.557 GC heap after
{Heap after GC invocations=16 (full 0):
 garbage-first heap   total 108544K, used 48372K [0x0000000762600000, 0x0000000800000000)
  region size 2048K, 3 young (6144K), 3 survivors (6144K)
 Metaspace       used 60111K, committed 60416K, reserved 1105920K
  class space    used 7085K, committed 7232K, reserved 1048576K
}
Event: 6.009 GC heap before
{Heap before GC invocations=17 (full 0):
 garbage-first heap   total 108544K, used 79092K [0x0000000762600000, 0x0000000800000000)
  region size 2048K, 18 young (36864K), 3 survivors (6144K)
 Metaspace       used 60277K, committed 60608K, reserved 1105920K
  class space    used 7094K, committed 7232K, reserved 1048576K
}
Event: 6.028 GC heap after
{Heap after GC invocations=18 (full 0):
 garbage-first heap   total 108544K, used 54527K [0x0000000762600000, 0x0000000800000000)
  region size 2048K, 3 young (6144K), 3 survivors (6144K)
 Metaspace       used 60277K, committed 60608K, reserved 1105920K
  class space    used 7094K, committed 7232K, reserved 1048576K
}
Event: 6.042 GC heap before
{Heap before GC invocations=18 (full 0):
 garbage-first heap   total 108544K, used 56575K [0x0000000762600000, 0x0000000800000000)
  region size 2048K, 4 young (8192K), 3 survivors (6144K)
 Metaspace       used 60290K, committed 60608K, reserved 1105920K
  class space    used 7094K, committed 7232K, reserved 1048576K
}
Event: 6.054 GC heap after
{Heap after GC invocations=19 (full 0):
 garbage-first heap   total 131072K, used 55278K [0x0000000762600000, 0x0000000800000000)
  region size 2048K, 1 young (2048K), 1 survivors (2048K)
 Metaspace       used 60290K, committed 60608K, reserved 1105920K
  class space    used 7094K, committed 7232K, reserved 1048576K
}
Event: 6.429 GC heap before
{Heap before GC invocations=19 (full 0):
 garbage-first heap   total 131072K, used 96238K [0x0000000762600000, 0x0000000800000000)
  region size 2048K, 21 young (43008K), 1 survivors (2048K)
 Metaspace       used 61896K, committed 62272K, reserved 1105920K
  class space    used 7317K, committed 7488K, reserved 1048576K
}
Event: 6.435 GC heap after
{Heap after GC invocations=20 (full 0):
 garbage-first heap   total 131072K, used 58501K [0x0000000762600000, 0x0000000800000000)
  region size 2048K, 3 young (6144K), 3 survivors (6144K)
 Metaspace       used 61896K, committed 62272K, reserved 1105920K
  class space    used 7317K, committed 7488K, reserved 1048576K
}
Event: 6.499 GC heap before
{Heap before GC invocations=20 (full 0):
 garbage-first heap   total 131072K, used 97413K [0x0000000762600000, 0x0000000800000000)
  region size 2048K, 22 young (45056K), 3 survivors (6144K)
 Metaspace       used 61920K, committed 62272K, reserved 1105920K
  class space    used 7319K, committed 7488K, reserved 1048576K
}
Event: 6.503 GC heap after
{Heap after GC invocations=21 (full 0):
 garbage-first heap   total 131072K, used 59238K [0x0000000762600000, 0x0000000800000000)
  region size 2048K, 1 young (2048K), 1 survivors (2048K)
 Metaspace       used 61920K, committed 62272K, reserved 1105920K
  class space    used 7319K, committed 7488K, reserved 1048576K
}

