# JRE version: OpenJDK Runtime Environment (17.0.6) (build 17.0.6+0-b2043.56-9586694)
# Java VM: OpenJDK 64-Bit Server VM (17.0.6+0-b2043.56-9586694, mixed mode, tiered, compressed oops, compressed class ptrs, g1 gc, windows-amd64)
GC Precious Log:
 CPUs: 12 total, 12 available
 Memory: 10085M
 Large Page Support: Disabled
 NUMA Support: Disabled
 Compressed Oops: Enabled (32-bit)
 Heap Region Size: 1M
 Heap Min Capacity: 8M
 Heap Initial Capacity: 158M
 Heap Max Capacity: 2G
 Pre-touch: Disabled
 Parallel Workers: 10
 Concurrent Workers: 3
 Concurrent Refinement Workers: 10
 Periodic GC: Disabled
Heap:
 garbage-first heap   total 276480K, used 210907K [0x0000000080000000, 0x0000000100000000)
  region size 1024K, 45 young (46080K), 4 survivors (4096K)
 Metaspace       used 127900K, committed 128960K, reserved 1163264K
  class space    used 17431K, committed 17920K, reserved 1048576K
GC Heap History (20 events):
Event: 21.171 GC heap before
{Heap before GC invocations=55 (full 0):
 garbage-first heap   total 199680K, used 166690K [0x0000000080000000, 0x0000000100000000)
  region size 1024K, 48 young (49152K), 7 survivors (7168K)
 Metaspace       used 105192K, committed 106048K, reserved 1146880K
  class space    used 14303K, committed 14720K, reserved 1048576K
}
Event: 21.177 GC heap after
{Heap after GC invocations=56 (full 0):
 garbage-first heap   total 199680K, used 127978K [0x0000000080000000, 0x0000000100000000)
  region size 1024K, 3 young (3072K), 3 survivors (3072K)
 Metaspace       used 105192K, committed 106048K, reserved 1146880K
  class space    used 14303K, committed 14720K, reserved 1048576K
}
Event: 21.352 GC heap before
{Heap before GC invocations=56 (full 0):
 garbage-first heap   total 199680K, used 167914K [0x0000000080000000, 0x0000000100000000)
  region size 1024K, 43 young (44032K), 3 survivors (3072K)
 Metaspace       used 105481K, committed 106368K, reserved 1146880K
  class space    used 14347K, committed 14784K, reserved 1048576K
}
Event: 21.357 GC heap after
{Heap after GC invocations=57 (full 0):
 garbage-first heap   total 199680K, used 130008K [0x0000000080000000, 0x0000000100000000)
  region size 1024K, 5 young (5120K), 5 survivors (5120K)
 Metaspace       used 105481K, committed 106368K, reserved 1146880K
  class space    used 14347K, committed 14784K, reserved 1048576K
}
Event: 22.470 GC heap before
{Heap before GC invocations=57 (full 0):
 garbage-first heap   total 199680K, used 168920K [0x0000000080000000, 0x0000000100000000)
  region size 1024K, 44 young (45056K), 5 survivors (5120K)
 Metaspace       used 105997K, committed 106944K, reserved 1146880K
  class space    used 14409K, committed 14848K, reserved 1048576K
}
Event: 22.474 GC heap after
{Heap after GC invocations=58 (full 0):
 garbage-first heap   total 239616K, used 131766K [0x0000000080000000, 0x0000000100000000)
  region size 1024K, 5 young (5120K), 5 survivors (5120K)
 Metaspace       used 105997K, committed 106944K, reserved 1146880K
  class space    used 14409K, committed 14848K, reserved 1048576K
}
Event: 27.293 GC heap before
{Heap before GC invocations=58 (full 0):
 garbage-first heap   total 239616K, used 200374K [0x0000000080000000, 0x0000000100000000)
  region size 1024K, 73 young (74752K), 5 survivors (5120K)
 Metaspace       used 108054K, committed 108928K, reserved 1146880K
  class space    used 14696K, committed 15104K, reserved 1048576K
}
Event: 27.297 GC heap after
{Heap after GC invocations=59 (full 0):
 garbage-first heap   total 239616K, used 133571K [0x0000000080000000, 0x0000000100000000)
  region size 1024K, 6 young (6144K), 6 survivors (6144K)
 Metaspace       used 108054K, committed 108928K, reserved 1146880K
  class space    used 14696K, committed 15104K, reserved 1048576K
}
Event: 28.820 GC heap before
{Heap before GC invocations=59 (full 0):
 garbage-first heap   total 239616K, used 202179K [0x0000000080000000, 0x0000000100000000)
  region size 1024K, 74 young (75776K), 6 survivors (6144K)
 Metaspace       used 118593K, committed 119552K, reserved 1155072K
  class space    used 16276K, committed 16704K, reserved 1048576K
}
Event: 28.826 GC heap after
{Heap after GC invocations=60 (full 0):
 garbage-first heap   total 239616K, used 136472K [0x0000000080000000, 0x0000000100000000)
  region size 1024K, 7 young (7168K), 7 survivors (7168K)
 Metaspace       used 118593K, committed 119552K, reserved 1155072K
  class space    used 16276K, committed 16704K, reserved 1048576K
}
Event: 31.650 GC heap before
{Heap before GC invocations=60 (full 0):
 garbage-first heap   total 239616K, used 193816K [0x0000000080000000, 0x0000000100000000)
  region size 1024K, 51 young (52224K), 7 survivors (7168K)
 Metaspace       used 122606K, committed 123584K, reserved 1163264K
  class space    used 16976K, committed 17472K, reserved 1048576K
}
Event: 31.657 GC heap after
{Heap after GC invocations=61 (full 0):
 garbage-first heap   total 239616K, used 154735K [0x0000000080000000, 0x0000000100000000)
  region size 1024K, 9 young (9216K), 9 survivors (9216K)
 Metaspace       used 122606K, committed 123584K, reserved 1163264K
  class space    used 16976K, committed 17472K, reserved 1048576K
}
Event: 337.378 GC heap before
{Heap before GC invocations=62 (full 0):
 garbage-first heap   total 265216K, used 203887K [0x0000000080000000, 0x0000000100000000)
  region size 1024K, 56 young (57344K), 9 survivors (9216K)
 Metaspace       used 126698K, committed 127680K, reserved 1163264K
  class space    used 17351K, committed 17792K, reserved 1048576K
}
Event: 337.386 GC heap after
{Heap after GC invocations=63 (full 0):
 garbage-first heap   total 265216K, used 143103K [0x0000000080000000, 0x0000000100000000)
  region size 1024K, 4 young (4096K), 4 survivors (4096K)
 Metaspace       used 126698K, committed 127680K, reserved 1163264K
  class space    used 17351K, committed 17792K, reserved 1048576K
}
Event: 337.433 GC heap before
{Heap before GC invocations=63 (full 0):
 garbage-first heap   total 265216K, used 150271K [0x0000000080000000, 0x0000000100000000)
  region size 1024K, 12 young (12288K), 4 survivors (4096K)
 Metaspace       used 126746K, committed 127744K, reserved 1163264K
  class space    used 17353K, committed 17792K, reserved 1048576K
}
Event: 337.436 GC heap after
{Heap after GC invocations=64 (full 0):
 garbage-first heap   total 265216K, used 142119K [0x0000000080000000, 0x0000000100000000)
  region size 1024K, 1 young (1024K), 1 survivors (1024K)
 Metaspace       used 126746K, committed 127744K, reserved 1163264K
  class space    used 17353K, committed 17792K, reserved 1048576K
}
Event: 338.348 GC heap before
{Heap before GC invocations=64 (full 0):
 garbage-first heap   total 265216K, used 225063K [0x0000000080000000, 0x0000000100000000)
  region size 1024K, 83 young (84992K), 1 survivors (1024K)
 Metaspace       used 127305K, committed 128320K, reserved 1163264K
  class space    used 17373K, committed 17856K, reserved 1048576K
}
Event: 338.358 GC heap after
{Heap after GC invocations=65 (full 0):
 garbage-first heap   total 265216K, used 151320K [0x0000000080000000, 0x0000000100000000)
  region size 1024K, 10 young (10240K), 10 survivors (10240K)
 Metaspace       used 127305K, committed 128320K, reserved 1163264K
  class space    used 17373K, committed 17856K, reserved 1048576K
}
Event: 340.489 GC heap before
{Heap before GC invocations=65 (full 0):
 garbage-first heap   total 265216K, used 220952K [0x0000000080000000, 0x0000000100000000)
  region size 1024K, 79 young (80896K), 10 survivors (10240K)
 Metaspace       used 127577K, committed 128704K, reserved 1163264K
  class space    used 17392K, committed 17920K, reserved 1048576K
}
Event: 340.496 GC heap after
{Heap after GC invocations=66 (full 0):
 garbage-first heap   total 265216K, used 154587K [0x0000000080000000, 0x0000000100000000)
  region size 1024K, 4 young (4096K), 4 survivors (4096K)
 Metaspace       used 127577K, committed 128704K, reserved 1163264K
  class space    used 17392K, committed 17920K, reserved 1048576K
}

