# JRE version: OpenJDK Runtime Environment (17.0.6) (build 17.0.6+0-b2043.56-9586694)
# Java VM: OpenJDK 64-Bit Server VM (17.0.6+0-b2043.56-9586694, mixed mode, tiered, compressed oops, compressed class ptrs, g1 gc, windows-amd64)
GC Precious Log:
 CPUs: 12 total, 12 available
 Memory: 10085M
 Large Page Support: Disabled
 NUMA Support: Disabled
 Compressed Oops: Enabled (Zero based)
 Heap Region Size: 2M
 Heap Min Capacity: 8M
 Heap Initial Capacity: 158M
 Heap Max Capacity: 2522M
 Pre-touch: Disabled
 Parallel Workers: 10
 Concurrent Workers: 3
 Concurrent Refinement Workers: 10
 Periodic GC: Disabled
Heap:
 garbage-first heap   total 98304K, used 62445K [0x0000000762600000, 0x0000000800000000)
  region size 2048K, 7 young (14336K), 2 survivors (4096K)
 Metaspace       used 60298K, committed 60608K, reserved 1105920K
  class space    used 7098K, committed 7232K, reserved 1048576K
GC Heap History (20 events):
Event: 3.253 GC heap before
{Heap before GC invocations=11 (full 0):
 garbage-first heap   total 59392K, used 43616K [0x0000000762600000, 0x0000000800000000)
  region size 2048K, 9 young (18432K), 1 survivors (2048K)
 Metaspace       used 46663K, committed 46976K, reserved 1097728K
  class space    used 5626K, committed 5760K, reserved 1048576K
}
Event: 3.257 GC heap after
{Heap after GC invocations=12 (full 0):
 garbage-first heap   total 59392K, used 28766K [0x0000000762600000, 0x0000000800000000)
  region size 2048K, 2 young (4096K), 2 survivors (4096K)
 Metaspace       used 46663K, committed 46976K, reserved 1097728K
  class space    used 5626K, committed 5760K, reserved 1048576K
}
Event: 3.582 GC heap before
{Heap before GC invocations=12 (full 0):
 garbage-first heap   total 59392K, used 43102K [0x0000000762600000, 0x0000000800000000)
  region size 2048K, 10 young (20480K), 2 survivors (4096K)
 Metaspace       used 49782K, committed 50112K, reserved 1097728K
  class space    used 6018K, committed 6144K, reserved 1048576K
}
Event: 3.588 GC heap after
{Heap after GC invocations=13 (full 0):
 garbage-first heap   total 59392K, used 30691K [0x0000000762600000, 0x0000000800000000)
  region size 2048K, 2 young (4096K), 2 survivors (4096K)
 Metaspace       used 49782K, committed 50112K, reserved 1097728K
  class space    used 6018K, committed 6144K, reserved 1048576K
}
Event: 3.639 GC heap before
{Heap before GC invocations=13 (full 0):
 garbage-first heap   total 59392K, used 45027K [0x0000000762600000, 0x0000000800000000)
  region size 2048K, 9 young (18432K), 2 survivors (4096K)
 Metaspace       used 49892K, committed 50176K, reserved 1097728K
  class space    used 6019K, committed 6144K, reserved 1048576K
}
Event: 3.645 GC heap after
{Heap after GC invocations=14 (full 0):
 garbage-first heap   total 71680K, used 31523K [0x0000000762600000, 0x0000000800000000)
  region size 2048K, 2 young (4096K), 2 survivors (4096K)
 Metaspace       used 49892K, committed 50176K, reserved 1097728K
  class space    used 6019K, committed 6144K, reserved 1048576K
}
Event: 3.896 GC heap before
{Heap before GC invocations=15 (full 0):
 garbage-first heap   total 71680K, used 54051K [0x0000000762600000, 0x0000000800000000)
  region size 2048K, 12 young (24576K), 2 survivors (4096K)
 Metaspace       used 51896K, committed 52096K, reserved 1097728K
  class space    used 6255K, committed 6336K, reserved 1048576K
}
Event: 3.902 GC heap after
{Heap after GC invocations=16 (full 0):
 garbage-first heap   total 71680K, used 36064K [0x0000000762600000, 0x0000000800000000)
  region size 2048K, 2 young (4096K), 2 survivors (4096K)
 Metaspace       used 51896K, committed 52096K, reserved 1097728K
  class space    used 6255K, committed 6336K, reserved 1048576K
}
Event: 4.316 GC heap before
{Heap before GC invocations=16 (full 0):
 garbage-first heap   total 71680K, used 50400K [0x0000000762600000, 0x0000000800000000)
  region size 2048K, 10 young (20480K), 2 survivors (4096K)
 Metaspace       used 55971K, committed 56320K, reserved 1105920K
  class space    used 6770K, committed 6912K, reserved 1048576K
}
Event: 4.322 GC heap after
{Heap after GC invocations=17 (full 0):
 garbage-first heap   total 71680K, used 38563K [0x0000000762600000, 0x0000000800000000)
  region size 2048K, 2 young (4096K), 2 survivors (4096K)
 Metaspace       used 55971K, committed 56320K, reserved 1105920K
  class space    used 6770K, committed 6912K, reserved 1048576K
}
Event: 4.645 GC heap before
{Heap before GC invocations=18 (full 0):
 garbage-first heap   total 71680K, used 50851K [0x0000000762600000, 0x0000000800000000)
  region size 2048K, 9 young (18432K), 2 survivors (4096K)
 Metaspace       used 57889K, committed 58176K, reserved 1105920K
  class space    used 6976K, committed 7104K, reserved 1048576K
}
Event: 4.652 GC heap after
{Heap after GC invocations=19 (full 0):
 garbage-first heap   total 71680K, used 40560K [0x0000000762600000, 0x0000000800000000)
  region size 2048K, 2 young (4096K), 2 survivors (4096K)
 Metaspace       used 57889K, committed 58176K, reserved 1105920K
  class space    used 6976K, committed 7104K, reserved 1048576K
}
Event: 5.016 GC heap before
{Heap before GC invocations=19 (full 0):
 garbage-first heap   total 71680K, used 54896K [0x0000000762600000, 0x0000000800000000)
  region size 2048K, 9 young (18432K), 2 survivors (4096K)
 Metaspace       used 58888K, committed 59136K, reserved 1105920K
  class space    used 7033K, committed 7168K, reserved 1048576K
}
Event: 5.026 GC heap after
{Heap after GC invocations=20 (full 0):
 garbage-first heap   total 71680K, used 44431K [0x0000000762600000, 0x0000000800000000)
  region size 2048K, 2 young (4096K), 2 survivors (4096K)
 Metaspace       used 58888K, committed 59136K, reserved 1105920K
  class space    used 7033K, committed 7168K, reserved 1048576K
}
Event: 5.261 GC heap before
{Heap before GC invocations=21 (full 0):
 garbage-first heap   total 79872K, used 54671K [0x0000000762600000, 0x0000000800000000)
  region size 2048K, 7 young (14336K), 2 survivors (4096K)
 Metaspace       used 59622K, committed 59904K, reserved 1105920K
  class space    used 7079K, committed 7168K, reserved 1048576K
}
Event: 5.270 GC heap after
{Heap after GC invocations=22 (full 0):
 garbage-first heap   total 79872K, used 46314K [0x0000000762600000, 0x0000000800000000)
  region size 2048K, 1 young (2048K), 1 survivors (2048K)
 Metaspace       used 59622K, committed 59904K, reserved 1105920K
  class space    used 7079K, committed 7168K, reserved 1048576K
}
Event: 5.664 GC heap before
{Heap before GC invocations=22 (full 0):
 garbage-first heap   total 79872K, used 60650K [0x0000000762600000, 0x0000000800000000)
  region size 2048K, 8 young (16384K), 1 survivors (2048K)
 Metaspace       used 60025K, committed 60352K, reserved 1105920K
  class space    used 7089K, committed 7232K, reserved 1048576K
}
Event: 5.673 GC heap after
{Heap after GC invocations=23 (full 0):
 garbage-first heap   total 98304K, used 49076K [0x0000000762600000, 0x0000000800000000)
  region size 2048K, 1 young (2048K), 1 survivors (2048K)
 Metaspace       used 60025K, committed 60352K, reserved 1105920K
  class space    used 7089K, committed 7232K, reserved 1048576K
}
Event: 6.042 GC heap before
{Heap before GC invocations=24 (full 0):
 garbage-first heap   total 98304K, used 75700K [0x0000000762600000, 0x0000000800000000)
  region size 2048K, 14 young (28672K), 1 survivors (2048K)
 Metaspace       used 60251K, committed 60544K, reserved 1105920K
  class space    used 7098K, committed 7232K, reserved 1048576K
}
Event: 6.057 GC heap after
{Heap after GC invocations=25 (full 0):
 garbage-first heap   total 98304K, used 54253K [0x0000000762600000, 0x0000000800000000)
  region size 2048K, 2 young (4096K), 2 survivors (4096K)
 Metaspace       used 60251K, committed 60544K, reserved 1105920K
  class space    used 7098K, committed 7232K, reserved 1048576K
}

