# JRE version: OpenJDK Runtime Environment (17.0.6) (build 17.0.6+0-b2043.56-9586694)
# Java VM: OpenJDK 64-Bit Server VM (17.0.6+0-b2043.56-9586694, mixed mode, tiered, compressed oops, compressed class ptrs, g1 gc, windows-amd64)
GC Precious Log:
 CPUs: 12 total, 12 available
 Memory: 10085M
 Large Page Support: Disabled
 NUMA Support: Disabled
 Compressed Oops: Enabled (32-bit)
 Heap Region Size: 1M
 Heap Min Capacity: 8M
 Heap Initial Capacity: 158M
 Heap Max Capacity: 2G
 Pre-touch: Disabled
 Parallel Workers: 10
 Concurrent Workers: 3
 Concurrent Refinement Workers: 10
 Periodic GC: Disabled
Heap:
 garbage-first heap   total 152576K, used 102319K [0x0000000080000000, 0x0000000100000000)
  region size 1024K, 13 young (13312K), 5 survivors (5120K)
 Metaspace       used 94882K, committed 95616K, reserved 1138688K
  class space    used 12944K, committed 13312K, reserved 1048576K
GC Heap History (20 events):
Event: 14.953 GC heap before
{Heap before GC invocations=39 (full 0):
 garbage-first heap   total 148480K, used 114433K [0x0000000080000000, 0x0000000100000000)
  region size 1024K, 45 young (46080K), 4 survivors (4096K)
 Metaspace       used 79006K, committed 79616K, reserved 1122304K
  class space    used 10658K, committed 10944K, reserved 1048576K
}
Event: 14.962 GC heap after
{Heap after GC invocations=40 (full 0):
 garbage-first heap   total 148480K, used 74977K [0x0000000080000000, 0x0000000100000000)
  region size 1024K, 3 young (3072K), 3 survivors (3072K)
 Metaspace       used 79006K, committed 79616K, reserved 1122304K
  class space    used 10658K, committed 10944K, reserved 1048576K
}
Event: 17.269 GC heap before
{Heap before GC invocations=41 (full 0):
 garbage-first heap   total 148480K, used 114913K [0x0000000080000000, 0x0000000100000000)
  region size 1024K, 43 young (44032K), 3 survivors (3072K)
 Metaspace       used 84235K, committed 84864K, reserved 1122304K
  class space    used 11387K, committed 11712K, reserved 1048576K
}
Event: 17.275 GC heap after
{Heap after GC invocations=42 (full 0):
 garbage-first heap   total 148480K, used 76177K [0x0000000080000000, 0x0000000100000000)
  region size 1024K, 5 young (5120K), 5 survivors (5120K)
 Metaspace       used 84235K, committed 84864K, reserved 1122304K
  class space    used 11387K, committed 11712K, reserved 1048576K
}
Event: 17.308 GC heap before
{Heap before GC invocations=42 (full 0):
 garbage-first heap   total 148480K, used 78225K [0x0000000080000000, 0x0000000100000000)
  region size 1024K, 7 young (7168K), 5 survivors (5120K)
 Metaspace       used 84239K, committed 84864K, reserved 1122304K
  class space    used 11387K, committed 11712K, reserved 1048576K
}
Event: 17.313 GC heap after
{Heap after GC invocations=43 (full 0):
 garbage-first heap   total 148480K, used 76676K [0x0000000080000000, 0x0000000100000000)
  region size 1024K, 1 young (1024K), 1 survivors (1024K)
 Metaspace       used 84239K, committed 84864K, reserved 1122304K
  class space    used 11387K, committed 11712K, reserved 1048576K
}
Event: 18.458 GC heap before
{Heap before GC invocations=43 (full 0):
 garbage-first heap   total 148480K, used 118660K [0x0000000080000000, 0x0000000100000000)
  region size 1024K, 42 young (43008K), 1 survivors (1024K)
 Metaspace       used 86492K, committed 87168K, reserved 1130496K
  class space    used 11733K, committed 12032K, reserved 1048576K
}
Event: 18.461 GC heap after
{Heap after GC invocations=44 (full 0):
 garbage-first heap   total 148480K, used 79704K [0x0000000080000000, 0x0000000100000000)
  region size 1024K, 4 young (4096K), 4 survivors (4096K)
 Metaspace       used 86492K, committed 87168K, reserved 1130496K
  class space    used 11733K, committed 12032K, reserved 1048576K
}
Event: 19.280 GC heap before
{Heap before GC invocations=45 (full 0):
 garbage-first heap   total 148480K, used 119640K [0x0000000080000000, 0x0000000100000000)
  region size 1024K, 43 young (44032K), 4 survivors (4096K)
 Metaspace       used 87880K, committed 88640K, reserved 1130496K
  class space    used 11940K, committed 12288K, reserved 1048576K
}
Event: 19.288 GC heap after
{Heap after GC invocations=46 (full 0):
 garbage-first heap   total 148480K, used 83042K [0x0000000080000000, 0x0000000100000000)
  region size 1024K, 4 young (4096K), 4 survivors (4096K)
 Metaspace       used 87880K, committed 88640K, reserved 1130496K
  class space    used 11940K, committed 12288K, reserved 1048576K
}
Event: 19.335 GC heap before
{Heap before GC invocations=46 (full 0):
 garbage-first heap   total 148480K, used 85090K [0x0000000080000000, 0x0000000100000000)
  region size 1024K, 7 young (7168K), 4 survivors (4096K)
 Metaspace       used 88107K, committed 88832K, reserved 1130496K
  class space    used 11967K, committed 12288K, reserved 1048576K
}
Event: 19.339 GC heap after
{Heap after GC invocations=47 (full 0):
 garbage-first heap   total 148480K, used 83020K [0x0000000080000000, 0x0000000100000000)
  region size 1024K, 1 young (1024K), 1 survivors (1024K)
 Metaspace       used 88107K, committed 88832K, reserved 1130496K
  class space    used 11967K, committed 12288K, reserved 1048576K
}
Event: 20.374 GC heap before
{Heap before GC invocations=47 (full 0):
 garbage-first heap   total 148480K, used 120908K [0x0000000080000000, 0x0000000100000000)
  region size 1024K, 38 young (38912K), 1 survivors (1024K)
 Metaspace       used 93055K, committed 93824K, reserved 1130496K
  class space    used 12687K, committed 12992K, reserved 1048576K
}
Event: 20.378 GC heap after
{Heap after GC invocations=48 (full 0):
 garbage-first heap   total 148480K, used 85494K [0x0000000080000000, 0x0000000100000000)
  region size 1024K, 4 young (4096K), 4 survivors (4096K)
 Metaspace       used 93055K, committed 93824K, reserved 1130496K
  class space    used 12687K, committed 12992K, reserved 1048576K
}
Event: 21.088 GC heap before
{Heap before GC invocations=49 (full 0):
 garbage-first heap   total 152576K, used 121334K [0x0000000080000000, 0x0000000100000000)
  region size 1024K, 39 young (39936K), 4 survivors (4096K)
 Metaspace       used 94739K, committed 95488K, reserved 1138688K
  class space    used 12929K, committed 13248K, reserved 1048576K
}
Event: 21.094 GC heap after
{Heap after GC invocations=50 (full 0):
 garbage-first heap   total 152576K, used 88908K [0x0000000080000000, 0x0000000100000000)
  region size 1024K, 4 young (4096K), 4 survivors (4096K)
 Metaspace       used 94739K, committed 95488K, reserved 1138688K
  class space    used 12929K, committed 13248K, reserved 1048576K
}
Event: 21.133 GC heap before
{Heap before GC invocations=50 (full 0):
 garbage-first heap   total 152576K, used 91980K [0x0000000080000000, 0x0000000100000000)
  region size 1024K, 7 young (7168K), 4 survivors (4096K)
 Metaspace       used 94783K, committed 95552K, reserved 1138688K
  class space    used 12937K, committed 13312K, reserved 1048576K
}
Event: 21.137 GC heap after
{Heap after GC invocations=51 (full 0):
 garbage-first heap   total 152576K, used 89527K [0x0000000080000000, 0x0000000100000000)
  region size 1024K, 1 young (1024K), 1 survivors (1024K)
 Metaspace       used 94783K, committed 95552K, reserved 1138688K
  class space    used 12937K, committed 13312K, reserved 1048576K
}
Event: 21.485 GC heap before
{Heap before GC invocations=51 (full 0):
 garbage-first heap   total 152576K, used 126391K [0x0000000080000000, 0x0000000100000000)
  region size 1024K, 37 young (37888K), 1 survivors (1024K)
 Metaspace       used 94868K, committed 95616K, reserved 1138688K
  class space    used 12944K, committed 13312K, reserved 1048576K
}
Event: 21.489 GC heap after
{Heap after GC invocations=52 (full 0):
 garbage-first heap   total 152576K, used 95151K [0x0000000080000000, 0x0000000100000000)
  region size 1024K, 5 young (5120K), 5 survivors (5120K)
 Metaspace       used 94868K, committed 95616K, reserved 1138688K
  class space    used 12944K, committed 13312K, reserved 1048576K
}

