# JRE version: OpenJDK Runtime Environment (17.0.6) (build 17.0.6+0-b2043.56-9586694)
# Java VM: OpenJDK 64-Bit Server VM (17.0.6+0-b2043.56-9586694, mixed mode, tiered, compressed oops, compressed class ptrs, g1 gc, windows-amd64)
GC Precious Log:
 CPUs: 12 total, 12 available
 Memory: 10085M
 Large Page Support: Disabled
 NUMA Support: Disabled
 Compressed Oops: Enabled (32-bit)
 Heap Region Size: 1M
 Heap Min Capacity: 8M
 Heap Initial Capacity: 158M
 Heap Max Capacity: 2G
 Pre-touch: Disabled
 Parallel Workers: 10
 Concurrent Workers: 3
 Concurrent Refinement Workers: 10
 Periodic GC: Disabled
Heap:
 garbage-first heap   total 181248K, used 119754K [0x0000000080000000, 0x0000000100000000)
  region size 1024K, 3 young (3072K), 3 survivors (3072K)
 Metaspace       used 100681K, committed 101440K, reserved 1138688K
  class space    used 13717K, committed 14080K, reserved 1048576K
GC Heap History (20 events):
Event: 11.724 GC heap after
{Heap after GC invocations=30 (full 0):
 garbage-first heap   total 150528K, used 82809K [0x0000000080000000, 0x0000000100000000)
  region size 1024K, 4 young (4096K), 4 survivors (4096K)
 Metaspace       used 86675K, committed 87424K, reserved 1130496K
  class space    used 11771K, committed 12096K, reserved 1048576K
}
Event: 12.325 GC heap before
{Heap before GC invocations=31 (full 0):
 garbage-first heap   total 150528K, used 122745K [0x0000000080000000, 0x0000000100000000)
  region size 1024K, 43 young (44032K), 4 survivors (4096K)
 Metaspace       used 90395K, committed 91072K, reserved 1130496K
  class space    used 12333K, committed 12672K, reserved 1048576K
}
Event: 12.329 GC heap after
{Heap after GC invocations=32 (full 0):
 garbage-first heap   total 150528K, used 86127K [0x0000000080000000, 0x0000000100000000)
  region size 1024K, 6 young (6144K), 6 survivors (6144K)
 Metaspace       used 90395K, committed 91072K, reserved 1130496K
  class space    used 12333K, committed 12672K, reserved 1048576K
}
Event: 12.341 GC heap before
{Heap before GC invocations=32 (full 0):
 garbage-first heap   total 150528K, used 87151K [0x0000000080000000, 0x0000000100000000)
  region size 1024K, 7 young (7168K), 6 survivors (6144K)
 Metaspace       used 90516K, committed 91200K, reserved 1130496K
  class space    used 12355K, committed 12672K, reserved 1048576K
}
Event: 12.346 GC heap after
{Heap after GC invocations=33 (full 0):
 garbage-first heap   total 181248K, used 86612K [0x0000000080000000, 0x0000000100000000)
  region size 1024K, 1 young (1024K), 1 survivors (1024K)
 Metaspace       used 90516K, committed 91200K, reserved 1130496K
  class space    used 12355K, committed 12672K, reserved 1048576K
}
Event: 13.181 GC heap before
{Heap before GC invocations=33 (full 0):
 garbage-first heap   total 181248K, used 148052K [0x0000000080000000, 0x0000000100000000)
  region size 1024K, 61 young (62464K), 1 survivors (1024K)
 Metaspace       used 94699K, committed 95488K, reserved 1138688K
  class space    used 12925K, committed 13312K, reserved 1048576K
}
Event: 13.187 GC heap after
{Heap after GC invocations=34 (full 0):
 garbage-first heap   total 181248K, used 92104K [0x0000000080000000, 0x0000000100000000)
  region size 1024K, 7 young (7168K), 7 survivors (7168K)
 Metaspace       used 94699K, committed 95488K, reserved 1138688K
  class space    used 12925K, committed 13312K, reserved 1048576K
}
Event: 13.607 GC heap before
{Heap before GC invocations=34 (full 0):
 garbage-first heap   total 181248K, used 145352K [0x0000000080000000, 0x0000000100000000)
  region size 1024K, 60 young (61440K), 7 survivors (7168K)
 Metaspace       used 96432K, committed 97216K, reserved 1138688K
  class space    used 13062K, committed 13440K, reserved 1048576K
}
Event: 13.614 GC heap after
{Heap after GC invocations=35 (full 0):
 garbage-first heap   total 181248K, used 100975K [0x0000000080000000, 0x0000000100000000)
  region size 1024K, 8 young (8192K), 8 survivors (8192K)
 Metaspace       used 96432K, committed 97216K, reserved 1138688K
  class space    used 13062K, committed 13440K, reserved 1048576K
}
Event: 14.617 GC heap before
{Heap before GC invocations=35 (full 0):
 garbage-first heap   total 181248K, used 145007K [0x0000000080000000, 0x0000000100000000)
  region size 1024K, 52 young (53248K), 8 survivors (8192K)
 Metaspace       used 99057K, committed 99840K, reserved 1138688K
  class space    used 13583K, committed 13952K, reserved 1048576K
}
Event: 14.626 GC heap after
{Heap after GC invocations=36 (full 0):
 garbage-first heap   total 181248K, used 106908K [0x0000000080000000, 0x0000000100000000)
  region size 1024K, 6 young (6144K), 6 survivors (6144K)
 Metaspace       used 99057K, committed 99840K, reserved 1138688K
  class space    used 13583K, committed 13952K, reserved 1048576K
}
Event: 14.867 GC heap before
{Heap before GC invocations=36 (full 0):
 garbage-first heap   total 181248K, used 146844K [0x0000000080000000, 0x0000000100000000)
  region size 1024K, 46 young (47104K), 6 survivors (6144K)
 Metaspace       used 99245K, committed 100032K, reserved 1138688K
  class space    used 13585K, committed 13952K, reserved 1048576K
}
Event: 14.872 GC heap after
{Heap after GC invocations=37 (full 0):
 garbage-first heap   total 181248K, used 109237K [0x0000000080000000, 0x0000000100000000)
  region size 1024K, 3 young (3072K), 3 survivors (3072K)
 Metaspace       used 99245K, committed 100032K, reserved 1138688K
  class space    used 13585K, committed 13952K, reserved 1048576K
}
Event: 15.512 GC heap before
{Heap before GC invocations=37 (full 0):
 garbage-first heap   total 181248K, used 148149K [0x0000000080000000, 0x0000000100000000)
  region size 1024K, 42 young (43008K), 3 survivors (3072K)
 Metaspace       used 100066K, committed 100864K, reserved 1138688K
  class space    used 13669K, committed 14016K, reserved 1048576K
}
Event: 15.516 GC heap after
{Heap after GC invocations=38 (full 0):
 garbage-first heap   total 181248K, used 111724K [0x0000000080000000, 0x0000000100000000)
  region size 1024K, 5 young (5120K), 5 survivors (5120K)
 Metaspace       used 100066K, committed 100864K, reserved 1138688K
  class space    used 13669K, committed 14016K, reserved 1048576K
}
Event: 15.849 GC heap before
{Heap before GC invocations=38 (full 0):
 garbage-first heap   total 181248K, used 149612K [0x0000000080000000, 0x0000000100000000)
  region size 1024K, 43 young (44032K), 5 survivors (5120K)
 Metaspace       used 100389K, committed 101184K, reserved 1138688K
  class space    used 13697K, committed 14080K, reserved 1048576K
}
Event: 15.854 GC heap after
{Heap after GC invocations=39 (full 0):
 garbage-first heap   total 181248K, used 114314K [0x0000000080000000, 0x0000000100000000)
  region size 1024K, 6 young (6144K), 6 survivors (6144K)
 Metaspace       used 100389K, committed 101184K, reserved 1138688K
  class space    used 13697K, committed 14080K, reserved 1048576K
}
Event: 16.165 GC heap before
{Heap before GC invocations=39 (full 0):
 garbage-first heap   total 181248K, used 150154K [0x0000000080000000, 0x0000000100000000)
  region size 1024K, 42 young (43008K), 6 survivors (6144K)
 Metaspace       used 100576K, committed 101376K, reserved 1138688K
  class space    used 13706K, committed 14080K, reserved 1048576K
}
Event: 16.170 GC heap after
{Heap after GC invocations=40 (full 0):
 garbage-first heap   total 181248K, used 117308K [0x0000000080000000, 0x0000000100000000)
  region size 1024K, 6 young (6144K), 6 survivors (6144K)
 Metaspace       used 100576K, committed 101376K, reserved 1138688K
  class space    used 13706K, committed 14080K, reserved 1048576K
}
Event: 16.528 GC heap before
{Heap before GC invocations=40 (full 0):
 garbage-first heap   total 181248K, used 151100K [0x0000000080000000, 0x0000000100000000)
  region size 1024K, 40 young (40960K), 6 survivors (6144K)
 Metaspace       used 100681K, committed 101440K, reserved 1138688K
  class space    used 13717K, committed 14080K, reserved 1048576K
}

