# JRE version: OpenJDK Runtime Environment (17.0.6) (build 17.0.6+0-b2043.56-9586694)
# Java VM: OpenJDK 64-Bit Server VM (17.0.6+0-b2043.56-9586694, mixed mode, tiered, compressed oops, compressed class ptrs, g1 gc, windows-amd64)
GC Precious Log:
 CPUs: 12 total, 12 available
 Memory: 10085M
 Large Page Support: Disabled
 NUMA Support: Disabled
 Compressed Oops: Enabled (32-bit)
 Heap Region Size: 1M
 Heap Min Capacity: 8M
 Heap Initial Capacity: 158M
 Heap Max Capacity: 2G
 Pre-touch: Disabled
 Parallel Workers: 10
 Concurrent Workers: 3
 Concurrent Refinement Workers: 10
 Periodic GC: Disabled
Heap:
 garbage-first heap   total 331776K, used 210635K [0x0000000080000000, 0x0000000100000000)
  region size 1024K, 45 young (46080K), 2 survivors (2048K)
 Metaspace       used 129853K, committed 130880K, reserved 1163264K
  class space    used 16968K, committed 17472K, reserved 1048576K
GC Heap History (20 events):
Event: 17.715 GC heap before
{Heap before GC invocations=38 (full 0):
 garbage-first heap   total 165888K, used 136512K [0x0000000080000000, 0x0000000100000000)
  region size 1024K, 32 young (32768K), 4 survivors (4096K)
 Metaspace       used 104986K, committed 105792K, reserved 1146880K
  class space    used 14341K, committed 14720K, reserved 1048576K
}
Event: 17.721 GC heap after
{Heap after GC invocations=39 (full 0):
 garbage-first heap   total 165888K, used 111044K [0x0000000080000000, 0x0000000100000000)
  region size 1024K, 3 young (3072K), 3 survivors (3072K)
 Metaspace       used 104986K, committed 105792K, reserved 1146880K
  class space    used 14341K, committed 14720K, reserved 1048576K
}
Event: 17.885 GC heap before
{Heap before GC invocations=39 (full 0):
 garbage-first heap   total 165888K, used 136644K [0x0000000080000000, 0x0000000100000000)
  region size 1024K, 29 young (29696K), 3 survivors (3072K)
 Metaspace       used 105121K, committed 105920K, reserved 1146880K
  class space    used 14342K, committed 14720K, reserved 1048576K
}
Event: 17.890 GC heap after
{Heap after GC invocations=40 (full 0):
 garbage-first heap   total 331776K, used 112290K [0x0000000080000000, 0x0000000100000000)
  region size 1024K, 4 young (4096K), 4 survivors (4096K)
 Metaspace       used 105121K, committed 105920K, reserved 1146880K
  class space    used 14342K, committed 14720K, reserved 1048576K
}
Event: 19.120 GC heap before
{Heap before GC invocations=40 (full 0):
 garbage-first heap   total 331776K, used 252578K [0x0000000080000000, 0x0000000100000000)
  region size 1024K, 142 young (145408K), 4 survivors (4096K)
 Metaspace       used 106492K, committed 107200K, reserved 1146880K
  class space    used 14472K, committed 14784K, reserved 1048576K
}
Event: 19.132 GC heap after
{Heap after GC invocations=41 (full 0):
 garbage-first heap   total 331776K, used 121589K [0x0000000080000000, 0x0000000100000000)
  region size 1024K, 13 young (13312K), 13 survivors (13312K)
 Metaspace       used 106492K, committed 107200K, reserved 1146880K
  class space    used 14472K, committed 14784K, reserved 1048576K
}
Event: 25.094 GC heap before
{Heap before GC invocations=41 (full 0):
 garbage-first heap   total 331776K, used 256757K [0x0000000080000000, 0x0000000100000000)
  region size 1024K, 146 young (149504K), 13 survivors (13312K)
 Metaspace       used 110695K, committed 111488K, reserved 1146880K
  class space    used 15031K, committed 15424K, reserved 1048576K
}
Event: 25.108 GC heap after
{Heap after GC invocations=42 (full 0):
 garbage-first heap   total 331776K, used 129924K [0x0000000080000000, 0x0000000100000000)
  region size 1024K, 18 young (18432K), 18 survivors (18432K)
 Metaspace       used 110695K, committed 111488K, reserved 1146880K
  class space    used 15031K, committed 15424K, reserved 1048576K
}
Event: 38.389 GC heap before
{Heap before GC invocations=42 (full 0):
 garbage-first heap   total 331776K, used 269188K [0x0000000080000000, 0x0000000100000000)
  region size 1024K, 149 young (152576K), 18 survivors (18432K)
 Metaspace       used 112598K, committed 113472K, reserved 1155072K
  class space    used 15281K, committed 15680K, reserved 1048576K
}
Event: 38.401 GC heap after
{Heap after GC invocations=43 (full 0):
 garbage-first heap   total 331776K, used 140008K [0x0000000080000000, 0x0000000100000000)
  region size 1024K, 15 young (15360K), 15 survivors (15360K)
 Metaspace       used 112598K, committed 113472K, reserved 1155072K
  class space    used 15281K, committed 15680K, reserved 1048576K
}
Event: 64.223 GC heap before
{Heap before GC invocations=43 (full 0):
 garbage-first heap   total 331776K, used 277224K [0x0000000080000000, 0x0000000100000000)
  region size 1024K, 142 young (145408K), 15 survivors (15360K)
 Metaspace       used 125763K, committed 126720K, reserved 1163264K
  class space    used 16676K, committed 17152K, reserved 1048576K
}
Event: 64.234 GC heap after
{Heap after GC invocations=44 (full 0):
 garbage-first heap   total 331776K, used 146058K [0x0000000080000000, 0x0000000100000000)
  region size 1024K, 11 young (11264K), 11 survivors (11264K)
 Metaspace       used 125763K, committed 126720K, reserved 1163264K
  class space    used 16676K, committed 17152K, reserved 1048576K
}
Event: 86.348 GC heap before
{Heap before GC invocations=44 (full 0):
 garbage-first heap   total 331776K, used 273034K [0x0000000080000000, 0x0000000100000000)
  region size 1024K, 136 young (139264K), 11 survivors (11264K)
 Metaspace       used 129246K, committed 130240K, reserved 1163264K
  class space    used 16931K, committed 17408K, reserved 1048576K
}
Event: 86.362 GC heap after
{Heap after GC invocations=45 (full 0):
 garbage-first heap   total 331776K, used 155506K [0x0000000080000000, 0x0000000100000000)
  region size 1024K, 16 young (16384K), 16 survivors (16384K)
 Metaspace       used 129246K, committed 130240K, reserved 1163264K
  class space    used 16931K, committed 17408K, reserved 1048576K
}
Event: 86.446 GC heap before
{Heap before GC invocations=45 (full 0):
 garbage-first heap   total 331776K, used 156530K [0x0000000080000000, 0x0000000100000000)
  region size 1024K, 18 young (18432K), 16 survivors (16384K)
 Metaspace       used 129249K, committed 130240K, reserved 1163264K
  class space    used 16931K, committed 17408K, reserved 1048576K
}
Event: 86.454 GC heap after
{Heap after GC invocations=46 (full 0):
 garbage-first heap   total 331776K, used 156885K [0x0000000080000000, 0x0000000100000000)
  region size 1024K, 2 young (2048K), 2 survivors (2048K)
 Metaspace       used 129249K, committed 130240K, reserved 1163264K
  class space    used 16931K, committed 17408K, reserved 1048576K
}
Event: 143.807 GC heap before
{Heap before GC invocations=47 (full 0):
 garbage-first heap   total 331776K, used 274645K [0x0000000080000000, 0x0000000100000000)
  region size 1024K, 118 young (120832K), 2 survivors (2048K)
 Metaspace       used 129774K, committed 130816K, reserved 1163264K
  class space    used 16960K, committed 17472K, reserved 1048576K
}
Event: 143.820 GC heap after
{Heap after GC invocations=48 (full 0):
 garbage-first heap   total 331776K, used 167156K [0x0000000080000000, 0x0000000100000000)
  region size 1024K, 12 young (12288K), 12 survivors (12288K)
 Metaspace       used 129774K, committed 130816K, reserved 1163264K
  class space    used 16960K, committed 17472K, reserved 1048576K
}
Event: 143.859 GC heap before
{Heap before GC invocations=48 (full 0):
 garbage-first heap   total 331776K, used 171252K [0x0000000080000000, 0x0000000100000000)
  region size 1024K, 16 young (16384K), 12 survivors (12288K)
 Metaspace       used 129781K, committed 130816K, reserved 1163264K
  class space    used 16961K, committed 17472K, reserved 1048576K
}
Event: 143.868 GC heap after
{Heap after GC invocations=49 (full 0):
 garbage-first heap   total 331776K, used 167627K [0x0000000080000000, 0x0000000100000000)
  region size 1024K, 2 young (2048K), 2 survivors (2048K)
 Metaspace       used 129781K, committed 130816K, reserved 1163264K
  class space    used 16961K, committed 17472K, reserved 1048576K
}

