# JRE version: OpenJDK Runtime Environment (17.0.6) (build 17.0.6+0-b2043.56-9586694)
# Java VM: OpenJDK 64-Bit Server VM (17.0.6+0-b2043.56-9586694, mixed mode, tiered, compressed oops, compressed class ptrs, g1 gc, windows-amd64)
GC Precious Log:
 CPUs: 12 total, 12 available
 Memory: 10085M
 Large Page Support: Disabled
 NUMA Support: Disabled
 Compressed Oops: Enabled (32-bit)
 Heap Region Size: 1M
 Heap Min Capacity: 8M
 Heap Initial Capacity: 158M
 Heap Max Capacity: 2G
 Pre-touch: Disabled
 Parallel Workers: 10
 Concurrent Workers: 3
 Concurrent Refinement Workers: 10
 Periodic GC: Disabled
Heap:
 garbage-first heap   total 172032K, used 112752K [0x0000000080000000, 0x0000000100000000)
  region size 1024K, 40 young (40960K), 4 survivors (4096K)
 Metaspace       used 91089K, committed 91776K, reserved 1130496K
  class space    used 12294K, committed 12608K, reserved 1048576K
GC Heap History (20 events):
Event: 15.490 GC heap before
{Heap before GC invocations=26 (full 0):
 garbage-first heap   total 81920K, used 59389K [0x0000000080000000, 0x0000000100000000)
  region size 1024K, 4 young (4096K), 2 survivors (2048K)
 Metaspace       used 59933K, committed 60416K, reserved 1105920K
  class space    used 7866K, committed 8064K, reserved 1048576K
}
Event: 15.492 GC heap after
{Heap after GC invocations=27 (full 0):
 garbage-first heap   total 81920K, used 56792K [0x0000000080000000, 0x0000000100000000)
  region size 1024K, 1 young (1024K), 1 survivors (1024K)
 Metaspace       used 59933K, committed 60416K, reserved 1105920K
  class space    used 7866K, committed 8064K, reserved 1048576K
}
Event: 15.639 GC heap before
{Heap before GC invocations=27 (full 0):
 garbage-first heap   total 81920K, used 63960K [0x0000000080000000, 0x0000000100000000)
  region size 1024K, 8 young (8192K), 1 survivors (1024K)
 Metaspace       used 60812K, committed 61312K, reserved 1105920K
  class space    used 7997K, committed 8192K, reserved 1048576K
}
Event: 15.641 GC heap after
{Heap after GC invocations=28 (full 0):
 garbage-first heap   total 81920K, used 57011K [0x0000000080000000, 0x0000000100000000)
  region size 1024K, 1 young (1024K), 1 survivors (1024K)
 Metaspace       used 60812K, committed 61312K, reserved 1105920K
  class space    used 7997K, committed 8192K, reserved 1048576K
}
Event: 15.809 GC heap before
{Heap before GC invocations=29 (full 0):
 garbage-first heap   total 101376K, used 65203K [0x0000000080000000, 0x0000000100000000)
  region size 1024K, 9 young (9216K), 1 survivors (1024K)
 Metaspace       used 61950K, committed 62464K, reserved 1105920K
  class space    used 8168K, committed 8384K, reserved 1048576K
}
Event: 15.811 GC heap after
{Heap after GC invocations=30 (full 0):
 garbage-first heap   total 101376K, used 57289K [0x0000000080000000, 0x0000000100000000)
  region size 1024K, 1 young (1024K), 1 survivors (1024K)
 Metaspace       used 61950K, committed 62464K, reserved 1105920K
  class space    used 8168K, committed 8384K, reserved 1048576K
}
Event: 15.892 GC heap before
{Heap before GC invocations=30 (full 0):
 garbage-first heap   total 101376K, used 60361K [0x0000000080000000, 0x0000000100000000)
  region size 1024K, 4 young (4096K), 1 survivors (1024K)
 Metaspace       used 62379K, committed 62848K, reserved 1105920K
  class space    used 8219K, committed 8448K, reserved 1048576K
}
Event: 15.895 GC heap after
{Heap after GC invocations=31 (full 0):
 garbage-first heap   total 101376K, used 57241K [0x0000000080000000, 0x0000000100000000)
  region size 1024K, 1 young (1024K), 1 survivors (1024K)
 Metaspace       used 62379K, committed 62848K, reserved 1105920K
  class space    used 8219K, committed 8448K, reserved 1048576K
}
Event: 16.364 GC heap before
{Heap before GC invocations=31 (full 0):
 garbage-first heap   total 101376K, used 76697K [0x0000000080000000, 0x0000000100000000)
  region size 1024K, 20 young (20480K), 1 survivors (1024K)
 Metaspace       used 66014K, committed 66496K, reserved 1114112K
  class space    used 8618K, committed 8832K, reserved 1048576K
}
Event: 16.368 GC heap after
{Heap after GC invocations=32 (full 0):
 garbage-first heap   total 172032K, used 57841K [0x0000000080000000, 0x0000000100000000)
  region size 1024K, 2 young (2048K), 2 survivors (2048K)
 Metaspace       used 66014K, committed 66496K, reserved 1114112K
  class space    used 8618K, committed 8832K, reserved 1048576K
}
Event: 17.692 GC heap before
{Heap before GC invocations=33 (full 0):
 garbage-first heap   total 172032K, used 127473K [0x0000000080000000, 0x0000000100000000)
  region size 1024K, 64 young (65536K), 2 survivors (2048K)
 Metaspace       used 72389K, committed 72896K, reserved 1114112K
  class space    used 9486K, committed 9728K, reserved 1048576K
}
Event: 17.699 GC heap after
{Heap after GC invocations=34 (full 0):
 garbage-first heap   total 172032K, used 63310K [0x0000000080000000, 0x0000000100000000)
  region size 1024K, 7 young (7168K), 7 survivors (7168K)
 Metaspace       used 72389K, committed 72896K, reserved 1114112K
  class space    used 9486K, committed 9728K, reserved 1048576K
}
Event: 17.713 GC heap before
{Heap before GC invocations=34 (full 0):
 garbage-first heap   total 172032K, used 64334K [0x0000000080000000, 0x0000000100000000)
  region size 1024K, 8 young (8192K), 7 survivors (7168K)
 Metaspace       used 72394K, committed 72896K, reserved 1114112K
  class space    used 9486K, committed 9728K, reserved 1048576K
}
Event: 17.719 GC heap after
{Heap after GC invocations=35 (full 0):
 garbage-first heap   total 172032K, used 63976K [0x0000000080000000, 0x0000000100000000)
  region size 1024K, 1 young (1024K), 1 survivors (1024K)
 Metaspace       used 72394K, committed 72896K, reserved 1114112K
  class space    used 9486K, committed 9728K, reserved 1048576K
}
Event: 18.976 GC heap before
{Heap before GC invocations=35 (full 0):
 garbage-first heap   total 172032K, used 128488K [0x0000000080000000, 0x0000000100000000)
  region size 1024K, 63 young (64512K), 1 survivors (1024K)
 Metaspace       used 77964K, committed 78656K, reserved 1122304K
  class space    used 10241K, committed 10560K, reserved 1048576K
}
Event: 18.981 GC heap after
{Heap after GC invocations=36 (full 0):
 garbage-first heap   total 172032K, used 67995K [0x0000000080000000, 0x0000000100000000)
  region size 1024K, 5 young (5120K), 5 survivors (5120K)
 Metaspace       used 77964K, committed 78656K, reserved 1122304K
  class space    used 10241K, committed 10560K, reserved 1048576K
}
Event: 19.861 GC heap before
{Heap before GC invocations=36 (full 0):
 garbage-first heap   total 172032K, used 131483K [0x0000000080000000, 0x0000000100000000)
  region size 1024K, 67 young (68608K), 5 survivors (5120K)
 Metaspace       used 80762K, committed 81408K, reserved 1122304K
  class space    used 10637K, committed 10944K, reserved 1048576K
}
Event: 19.868 GC heap after
{Heap after GC invocations=37 (full 0):
 garbage-first heap   total 172032K, used 72960K [0x0000000080000000, 0x0000000100000000)
  region size 1024K, 5 young (5120K), 5 survivors (5120K)
 Metaspace       used 80762K, committed 81408K, reserved 1122304K
  class space    used 10637K, committed 10944K, reserved 1048576K
}
Event: 21.513 GC heap before
{Heap before GC invocations=37 (full 0):
 garbage-first heap   total 172032K, used 134400K [0x0000000080000000, 0x0000000100000000)
  region size 1024K, 65 young (66560K), 5 survivors (5120K)
 Metaspace       used 88390K, committed 88960K, reserved 1130496K
  class space    used 11894K, committed 12160K, reserved 1048576K
}
Event: 21.518 GC heap after
{Heap after GC invocations=38 (full 0):
 garbage-first heap   total 172032K, used 76912K [0x0000000080000000, 0x0000000100000000)
  region size 1024K, 4 young (4096K), 4 survivors (4096K)
 Metaspace       used 88390K, committed 88960K, reserved 1130496K
  class space    used 11894K, committed 12160K, reserved 1048576K
}

