# JRE version: OpenJDK Runtime Environment (17.0.6) (build 17.0.6+0-b2043.56-9586694)
# Java VM: OpenJDK 64-Bit Server VM (17.0.6+0-b2043.56-9586694, mixed mode, tiered, compressed oops, compressed class ptrs, g1 gc, windows-amd64)
GC Precious Log:
 CPUs: 12 total, 12 available
 Memory: 10085M
 Large Page Support: Disabled
 NUMA Support: Disabled
 Compressed Oops: Enabled (32-bit)
 Heap Region Size: 1M
 Heap Min Capacity: 8M
 Heap Initial Capacity: 158M
 Heap Max Capacity: 2G
 Pre-touch: Disabled
 Parallel Workers: 10
 Concurrent Workers: 3
 Concurrent Refinement Workers: 10
 Periodic GC: Disabled
Heap:
 garbage-first heap   total 203776K, used 120692K [0x0000000080000000, 0x0000000100000000)
  region size 1024K, 3 young (3072K), 3 survivors (3072K)
 Metaspace       used 100857K, committed 101632K, reserved 1138688K
  class space    used 13741K, committed 14080K, reserved 1048576K
GC Heap History (20 events):
Event: 9.569 GC heap after
{Heap after GC invocations=31 (full 0):
 garbage-first heap   total 192512K, used 79542K [0x0000000080000000, 0x0000000100000000)
  region size 1024K, 11 young (11264K), 11 survivors (11264K)
 Metaspace       used 86372K, committed 87040K, reserved 1130496K
  class space    used 11723K, committed 12032K, reserved 1048576K
}
Event: 10.290 GC heap before
{Heap before GC invocations=31 (full 0):
 garbage-first heap   total 192512K, used 152246K [0x0000000080000000, 0x0000000100000000)
  region size 1024K, 82 young (83968K), 11 survivors (11264K)
 Metaspace       used 90498K, committed 91200K, reserved 1130496K
  class space    used 12356K, committed 12672K, reserved 1048576K
}
Event: 10.298 GC heap after
{Heap after GC invocations=32 (full 0):
 garbage-first heap   total 192512K, used 85399K [0x0000000080000000, 0x0000000100000000)
  region size 1024K, 11 young (11264K), 11 survivors (11264K)
 Metaspace       used 90498K, committed 91200K, reserved 1130496K
  class space    used 12356K, committed 12672K, reserved 1048576K
}
Event: 11.094 GC heap before
{Heap before GC invocations=32 (full 0):
 garbage-first heap   total 192512K, used 154007K [0x0000000080000000, 0x0000000100000000)
  region size 1024K, 78 young (79872K), 11 survivors (11264K)
 Metaspace       used 94708K, committed 95488K, reserved 1138688K
  class space    used 12932K, committed 13312K, reserved 1048576K
}
Event: 11.104 GC heap after
{Heap after GC invocations=33 (full 0):
 garbage-first heap   total 192512K, used 94022K [0x0000000080000000, 0x0000000100000000)
  region size 1024K, 9 young (9216K), 9 survivors (9216K)
 Metaspace       used 94708K, committed 95488K, reserved 1138688K
  class space    used 12932K, committed 13312K, reserved 1048576K
}
Event: 11.659 GC heap before
{Heap before GC invocations=33 (full 0):
 garbage-first heap   total 192512K, used 153414K [0x0000000080000000, 0x0000000100000000)
  region size 1024K, 68 young (69632K), 9 survivors (9216K)
 Metaspace       used 97944K, committed 98688K, reserved 1138688K
  class space    used 13365K, committed 13696K, reserved 1048576K
}
Event: 11.667 GC heap after
{Heap after GC invocations=34 (full 0):
 garbage-first heap   total 192512K, used 103131K [0x0000000080000000, 0x0000000100000000)
  region size 1024K, 9 young (9216K), 9 survivors (9216K)
 Metaspace       used 97944K, committed 98688K, reserved 1138688K
  class space    used 13365K, committed 13696K, reserved 1048576K
}
Event: 12.081 GC heap before
{Heap before GC invocations=34 (full 0):
 garbage-first heap   total 192512K, used 153307K [0x0000000080000000, 0x0000000100000000)
  region size 1024K, 59 young (60416K), 9 survivors (9216K)
 Metaspace       used 99180K, committed 99968K, reserved 1138688K
  class space    used 13593K, committed 13952K, reserved 1048576K
}
Event: 12.088 GC heap after
{Heap after GC invocations=35 (full 0):
 garbage-first heap   total 192512K, used 108493K [0x0000000080000000, 0x0000000100000000)
  region size 1024K, 5 young (5120K), 5 survivors (5120K)
 Metaspace       used 99180K, committed 99968K, reserved 1138688K
  class space    used 13593K, committed 13952K, reserved 1048576K
}
Event: 12.560 GC heap before
{Heap before GC invocations=36 (full 0):
 garbage-first heap   total 203776K, used 155597K [0x0000000080000000, 0x0000000100000000)
  region size 1024K, 52 young (53248K), 5 survivors (5120K)
 Metaspace       used 99975K, committed 100800K, reserved 1138688K
  class space    used 13671K, committed 14016K, reserved 1048576K
}
Event: 12.565 GC heap after
{Heap after GC invocations=37 (full 0):
 garbage-first heap   total 203776K, used 112181K [0x0000000080000000, 0x0000000100000000)
  region size 1024K, 4 young (4096K), 4 survivors (4096K)
 Metaspace       used 99975K, committed 100800K, reserved 1138688K
  class space    used 13671K, committed 14016K, reserved 1048576K
}
Event: 12.632 GC heap before
{Heap before GC invocations=37 (full 0):
 garbage-first heap   total 203776K, used 116277K [0x0000000080000000, 0x0000000100000000)
  region size 1024K, 9 young (9216K), 4 survivors (4096K)
 Metaspace       used 100009K, committed 100800K, reserved 1138688K
  class space    used 13676K, committed 14016K, reserved 1048576K
}
Event: 12.635 GC heap after
{Heap after GC invocations=38 (full 0):
 garbage-first heap   total 203776K, used 112426K [0x0000000080000000, 0x0000000100000000)
  region size 1024K, 1 young (1024K), 1 survivors (1024K)
 Metaspace       used 100009K, committed 100800K, reserved 1138688K
  class space    used 13676K, committed 14016K, reserved 1048576K
}
Event: 13.013 GC heap before
{Heap before GC invocations=38 (full 0):
 garbage-first heap   total 203776K, used 165674K [0x0000000080000000, 0x0000000100000000)
  region size 1024K, 54 young (55296K), 1 survivors (1024K)
 Metaspace       used 100438K, committed 101248K, reserved 1138688K
  class space    used 13706K, committed 14080K, reserved 1048576K
}
Event: 13.016 GC heap after
{Heap after GC invocations=39 (full 0):
 garbage-first heap   total 203776K, used 115090K [0x0000000080000000, 0x0000000100000000)
  region size 1024K, 4 young (4096K), 4 survivors (4096K)
 Metaspace       used 100438K, committed 101248K, reserved 1138688K
  class space    used 13706K, committed 14080K, reserved 1048576K
}
Event: 13.378 GC heap before
{Heap before GC invocations=40 (full 0):
 garbage-first heap   total 203776K, used 167314K [0x0000000080000000, 0x0000000100000000)
  region size 1024K, 56 young (57344K), 4 survivors (4096K)
 Metaspace       used 100620K, committed 101440K, reserved 1138688K
  class space    used 13714K, committed 14080K, reserved 1048576K
}
Event: 13.383 GC heap after
{Heap after GC invocations=41 (full 0):
 garbage-first heap   total 203776K, used 118639K [0x0000000080000000, 0x0000000100000000)
  region size 1024K, 7 young (7168K), 7 survivors (7168K)
 Metaspace       used 100620K, committed 101440K, reserved 1138688K
  class space    used 13714K, committed 14080K, reserved 1048576K
}
Event: 13.397 GC heap before
{Heap before GC invocations=41 (full 0):
 garbage-first heap   total 203776K, used 119663K [0x0000000080000000, 0x0000000100000000)
  region size 1024K, 9 young (9216K), 7 survivors (7168K)
 Metaspace       used 100621K, committed 101440K, reserved 1138688K
  class space    used 13714K, committed 14080K, reserved 1048576K
}
Event: 13.400 GC heap after
{Heap after GC invocations=42 (full 0):
 garbage-first heap   total 203776K, used 118711K [0x0000000080000000, 0x0000000100000000)
  region size 1024K, 1 young (1024K), 1 survivors (1024K)
 Metaspace       used 100621K, committed 101440K, reserved 1138688K
  class space    used 13714K, committed 14080K, reserved 1048576K
}
Event: 13.840 GC heap before
{Heap before GC invocations=42 (full 0):
 garbage-first heap   total 203776K, used 168887K [0x0000000080000000, 0x0000000100000000)
  region size 1024K, 51 young (52224K), 1 survivors (1024K)
 Metaspace       used 100857K, committed 101632K, reserved 1138688K
  class space    used 13741K, committed 14080K, reserved 1048576K
}

