# JRE version: OpenJDK Runtime Environment (17.0.6) (build 17.0.6+0-b2043.56-9586694)
# Java VM: OpenJDK 64-Bit Server VM (17.0.6+0-b2043.56-9586694, mixed mode, tiered, compressed oops, compressed class ptrs, g1 gc, windows-amd64)
GC Precious Log:
 CPUs: 12 total, 12 available
 Memory: 10085M
 Large Page Support: Disabled
 NUMA Support: Disabled
 Compressed Oops: Enabled (32-bit)
 Heap Region Size: 1M
 Heap Min Capacity: 8M
 Heap Initial Capacity: 158M
 Heap Max Capacity: 2G
 Pre-touch: Disabled
 Parallel Workers: 10
 Concurrent Workers: 3
 Concurrent Refinement Workers: 10
 Periodic GC: Disabled
Heap:
 garbage-first heap   total 343040K, used 220871K [0x0000000080000000, 0x0000000100000000)
  region size 1024K, 31 young (31744K), 3 survivors (3072K)
 Metaspace       used 143308K, committed 144448K, reserved 1179648K
  class space    used 19426K, committed 19968K, reserved 1048576K
GC Heap History (20 events):
Event: 444.140 GC heap before
{Heap before GC invocations=57 (full 0):
 garbage-first heap   total 252928K, used 186257K [0x0000000080000000, 0x0000000100000000)
  region size 1024K, 33 young (33792K), 4 survivors (4096K)
 Metaspace       used 131491K, committed 132608K, reserved 1163264K
  class space    used 18231K, committed 18752K, reserved 1048576K
}
Event: 444.145 GC heap after
{Heap after GC invocations=58 (full 0):
 garbage-first heap   total 252928K, used 160316K [0x0000000080000000, 0x0000000100000000)
  region size 1024K, 5 young (5120K), 5 survivors (5120K)
 Metaspace       used 131491K, committed 132608K, reserved 1163264K
  class space    used 18231K, committed 18752K, reserved 1048576K
}
Event: 444.898 GC heap before
{Heap before GC invocations=59 (full 0):
 garbage-first heap   total 275456K, used 220732K [0x0000000080000000, 0x0000000100000000)
  region size 1024K, 56 young (57344K), 5 survivors (5120K)
 Metaspace       used 137547K, committed 138560K, reserved 1171456K
  class space    used 18904K, committed 19392K, reserved 1048576K
}
Event: 444.901 GC heap after
{Heap after GC invocations=60 (full 0):
 garbage-first heap   total 275456K, used 166709K [0x0000000080000000, 0x0000000100000000)
  region size 1024K, 5 young (5120K), 5 survivors (5120K)
 Metaspace       used 137547K, committed 138560K, reserved 1171456K
  class space    used 18904K, committed 19392K, reserved 1048576K
}
Event: 445.000 GC heap before
{Heap before GC invocations=60 (full 0):
 garbage-first heap   total 275456K, used 173877K [0x0000000080000000, 0x0000000100000000)
  region size 1024K, 13 young (13312K), 5 survivors (5120K)
 Metaspace       used 138968K, committed 139968K, reserved 1171456K
  class space    used 19071K, committed 19520K, reserved 1048576K
}
Event: 445.008 GC heap after
{Heap after GC invocations=61 (full 0):
 garbage-first heap   total 275456K, used 159744K [0x0000000080000000, 0x0000000100000000)
  region size 1024K, 1 young (1024K), 1 survivors (1024K)
 Metaspace       used 138968K, committed 139968K, reserved 1171456K
  class space    used 19071K, committed 19520K, reserved 1048576K
}
Event: 448.582 GC heap before
{Heap before GC invocations=61 (full 0):
 garbage-first heap   total 275456K, used 237568K [0x0000000080000000, 0x0000000100000000)
  region size 1024K, 72 young (73728K), 1 survivors (1024K)
 Metaspace       used 143459K, committed 144512K, reserved 1179648K
  class space    used 19453K, committed 19968K, reserved 1048576K
}
Event: 448.586 GC heap after
{Heap after GC invocations=62 (full 0):
 garbage-first heap   total 275456K, used 168561K [0x0000000080000000, 0x0000000100000000)
  region size 1024K, 7 young (7168K), 7 survivors (7168K)
 Metaspace       used 143459K, committed 144512K, reserved 1179648K
  class space    used 19453K, committed 19968K, reserved 1048576K
}
Event: 460.651 GC heap before
{Heap before GC invocations=62 (full 0):
 garbage-first heap   total 275456K, used 231025K [0x0000000080000000, 0x0000000100000000)
  region size 1024K, 69 young (70656K), 7 survivors (7168K)
 Metaspace       used 144281K, committed 145344K, reserved 1179648K
  class space    used 19518K, committed 20032K, reserved 1048576K
}
Event: 460.656 GC heap after
{Heap after GC invocations=63 (full 0):
 garbage-first heap   total 275456K, used 169169K [0x0000000080000000, 0x0000000100000000)
  region size 1024K, 2 young (2048K), 2 survivors (2048K)
 Metaspace       used 144281K, committed 145344K, reserved 1179648K
  class space    used 19518K, committed 20032K, reserved 1048576K
}
Event: 460.955 GC heap before
{Heap before GC invocations=63 (full 0):
 garbage-first heap   total 275456K, used 175313K [0x0000000080000000, 0x0000000100000000)
  region size 1024K, 9 young (9216K), 2 survivors (2048K)
 Metaspace       used 144315K, committed 145408K, reserved 1179648K
  class space    used 19519K, committed 20032K, reserved 1048576K
}
Event: 460.958 GC heap after
{Heap after GC invocations=64 (full 0):
 garbage-first heap   total 275456K, used 169418K [0x0000000080000000, 0x0000000100000000)
  region size 1024K, 2 young (2048K), 2 survivors (2048K)
 Metaspace       used 144315K, committed 145408K, reserved 1179648K
  class space    used 19519K, committed 20032K, reserved 1048576K
}
Event: 628.653 GC heap before
{Heap before GC invocations=65 (full 0):
 garbage-first heap   total 312320K, used 251338K [0x0000000080000000, 0x0000000100000000)
  region size 1024K, 67 young (68608K), 2 survivors (2048K)
 Metaspace       used 142562K, committed 143680K, reserved 1179648K
  class space    used 19382K, committed 19904K, reserved 1048576K
}
Event: 628.664 GC heap after
{Heap after GC invocations=66 (full 0):
 garbage-first heap   total 312320K, used 175762K [0x0000000080000000, 0x0000000100000000)
  region size 1024K, 8 young (8192K), 8 survivors (8192K)
 Metaspace       used 142562K, committed 143680K, reserved 1179648K
  class space    used 19382K, committed 19904K, reserved 1048576K
}
Event: 628.780 GC heap before
{Heap before GC invocations=66 (full 0):
 garbage-first heap   total 312320K, used 181906K [0x0000000080000000, 0x0000000100000000)
  region size 1024K, 15 young (15360K), 8 survivors (8192K)
 Metaspace       used 142573K, committed 143680K, reserved 1179648K
  class space    used 19382K, committed 19904K, reserved 1048576K
}
Event: 628.787 GC heap after
{Heap after GC invocations=67 (full 0):
 garbage-first heap   total 312320K, used 170999K [0x0000000080000000, 0x0000000100000000)
  region size 1024K, 2 young (2048K), 2 survivors (2048K)
 Metaspace       used 142573K, committed 143680K, reserved 1179648K
  class space    used 19382K, committed 19904K, reserved 1048576K
}
Event: 631.253 GC heap before
{Heap before GC invocations=67 (full 0):
 garbage-first heap   total 312320K, used 262135K [0x0000000080000000, 0x0000000100000000)
  region size 1024K, 92 young (94208K), 2 survivors (2048K)
 Metaspace       used 142829K, committed 143936K, reserved 1179648K
  class space    used 19411K, committed 19904K, reserved 1048576K
}
Event: 631.259 GC heap after
{Heap after GC invocations=68 (full 0):
 garbage-first heap   total 312320K, used 176203K [0x0000000080000000, 0x0000000100000000)
  region size 1024K, 7 young (7168K), 7 survivors (7168K)
 Metaspace       used 142829K, committed 143936K, reserved 1179648K
  class space    used 19411K, committed 19904K, reserved 1048576K
}
Event: 633.544 GC heap before
{Heap before GC invocations=68 (full 0):
 garbage-first heap   total 312320K, used 228427K [0x0000000080000000, 0x0000000100000000)
  region size 1024K, 59 young (60416K), 7 survivors (7168K)
 Metaspace       used 143180K, committed 144320K, reserved 1179648K
  class space    used 19412K, committed 19904K, reserved 1048576K
}
Event: 633.548 GC heap after
{Heap after GC invocations=69 (full 0):
 garbage-first heap   total 312320K, used 177863K [0x0000000080000000, 0x0000000100000000)
  region size 1024K, 3 young (3072K), 3 survivors (3072K)
 Metaspace       used 143180K, committed 144320K, reserved 1179648K
  class space    used 19412K, committed 19904K, reserved 1048576K
}

