# JRE version: OpenJDK Runtime Environment (17.0.6) (build 17.0.6+0-b2043.56-9586694)
# Java VM: OpenJDK 64-Bit Server VM (17.0.6+0-b2043.56-9586694, mixed mode, tiered, compressed oops, compressed class ptrs, g1 gc, windows-amd64)
GC Precious Log:
 CPUs: 12 total, 12 available
 Memory: 10085M
 Large Page Support: Disabled
 NUMA Support: Disabled
 Compressed Oops: Enabled (32-bit)
 Heap Region Size: 1M
 Heap Min Capacity: 8M
 Heap Initial Capacity: 158M
 Heap Max Capacity: 2G
 Pre-touch: Disabled
 Parallel Workers: 10
 Concurrent Workers: 3
 Concurrent Refinement Workers: 10
 Periodic GC: Disabled
Heap:
 garbage-first heap   total 161792K, used 83400K [0x0000000080000000, 0x0000000100000000)
  region size 1024K, 1 young (1024K), 1 survivors (1024K)
 Metaspace       used 87790K, committed 88576K, reserved 1130496K
  class space    used 11936K, committed 12288K, reserved 1048576K
GC Heap History (20 events):
Event: 6.510 GC heap after
{Heap after GC invocations=26 (full 0):
 garbage-first heap   total 122880K, used 61900K [0x0000000080000000, 0x0000000100000000)
  region size 1024K, 4 young (4096K), 4 survivors (4096K)
 Metaspace       used 65758K, committed 66240K, reserved 1114112K
  class space    used 8642K, committed 8832K, reserved 1048576K
}
Event: 6.533 GC heap before
{Heap before GC invocations=26 (full 0):
 garbage-first heap   total 122880K, used 63948K [0x0000000080000000, 0x0000000100000000)
  region size 1024K, 6 young (6144K), 4 survivors (4096K)
 Metaspace       used 65905K, committed 66368K, reserved 1114112K
  class space    used 8661K, committed 8832K, reserved 1048576K
}
Event: 6.536 GC heap after
{Heap after GC invocations=27 (full 0):
 garbage-first heap   total 147456K, used 62020K [0x0000000080000000, 0x0000000100000000)
  region size 1024K, 1 young (1024K), 1 survivors (1024K)
 Metaspace       used 65905K, committed 66368K, reserved 1114112K
  class space    used 8661K, committed 8832K, reserved 1048576K
}
Event: 7.091 GC heap before
{Heap before GC invocations=27 (full 0):
 garbage-first heap   total 147456K, used 102980K [0x0000000080000000, 0x0000000100000000)
  region size 1024K, 41 young (41984K), 1 survivors (1024K)
 Metaspace       used 70027K, committed 70592K, reserved 1114112K
  class space    used 9192K, committed 9472K, reserved 1048576K
}
Event: 7.094 GC heap after
{Heap after GC invocations=28 (full 0):
 garbage-first heap   total 147456K, used 64029K [0x0000000080000000, 0x0000000100000000)
  region size 1024K, 3 young (3072K), 3 survivors (3072K)
 Metaspace       used 70027K, committed 70592K, reserved 1114112K
  class space    used 9192K, committed 9472K, reserved 1048576K
}
Event: 7.515 GC heap before
{Heap before GC invocations=28 (full 0):
 garbage-first heap   total 147456K, used 108061K [0x0000000080000000, 0x0000000100000000)
  region size 1024K, 46 young (47104K), 3 survivors (3072K)
 Metaspace       used 72327K, committed 72896K, reserved 1114112K
  class space    used 9531K, committed 9792K, reserved 1048576K
}
Event: 7.520 GC heap after
{Heap after GC invocations=29 (full 0):
 garbage-first heap   total 147456K, used 67865K [0x0000000080000000, 0x0000000100000000)
  region size 1024K, 6 young (6144K), 6 survivors (6144K)
 Metaspace       used 72327K, committed 72896K, reserved 1114112K
  class space    used 9531K, committed 9792K, reserved 1048576K
}
Event: 7.881 GC heap before
{Heap before GC invocations=29 (full 0):
 garbage-first heap   total 147456K, used 110873K [0x0000000080000000, 0x0000000100000000)
  region size 1024K, 48 young (49152K), 6 survivors (6144K)
 Metaspace       used 73989K, committed 74624K, reserved 1114112K
  class space    used 9741K, committed 10048K, reserved 1048576K
}
Event: 7.886 GC heap after
{Heap after GC invocations=30 (full 0):
 garbage-first heap   total 147456K, used 71711K [0x0000000080000000, 0x0000000100000000)
  region size 1024K, 4 young (4096K), 4 survivors (4096K)
 Metaspace       used 73989K, committed 74624K, reserved 1114112K
  class space    used 9741K, committed 10048K, reserved 1048576K
}
Event: 8.574 GC heap before
{Heap before GC invocations=30 (full 0):
 garbage-first heap   total 147456K, used 113695K [0x0000000080000000, 0x0000000100000000)
  region size 1024K, 45 young (46080K), 4 survivors (4096K)
 Metaspace       used 78872K, committed 79552K, reserved 1122304K
  class space    used 10636K, committed 10944K, reserved 1048576K
}
Event: 8.578 GC heap after
{Heap after GC invocations=31 (full 0):
 garbage-first heap   total 147456K, used 74547K [0x0000000080000000, 0x0000000100000000)
  region size 1024K, 3 young (3072K), 3 survivors (3072K)
 Metaspace       used 78872K, committed 79552K, reserved 1122304K
  class space    used 10636K, committed 10944K, reserved 1048576K
}
Event: 9.092 GC heap before
{Heap before GC invocations=32 (full 0):
 garbage-first heap   total 147456K, used 116531K [0x0000000080000000, 0x0000000100000000)
  region size 1024K, 44 young (45056K), 3 survivors (3072K)
 Metaspace       used 84078K, committed 84736K, reserved 1122304K
  class space    used 11367K, committed 11648K, reserved 1048576K
}
Event: 9.096 GC heap after
{Heap after GC invocations=33 (full 0):
 garbage-first heap   total 147456K, used 76797K [0x0000000080000000, 0x0000000100000000)
  region size 1024K, 5 young (5120K), 5 survivors (5120K)
 Metaspace       used 84078K, committed 84736K, reserved 1122304K
  class space    used 11367K, committed 11648K, reserved 1048576K
}
Event: 9.113 GC heap before
{Heap before GC invocations=33 (full 0):
 garbage-first heap   total 147456K, used 78845K [0x0000000080000000, 0x0000000100000000)
  region size 1024K, 7 young (7168K), 5 survivors (5120K)
 Metaspace       used 84078K, committed 84736K, reserved 1122304K
  class space    used 11367K, committed 11648K, reserved 1048576K
}
Event: 9.118 GC heap after
{Heap after GC invocations=34 (full 0):
 garbage-first heap   total 147456K, used 77065K [0x0000000080000000, 0x0000000100000000)
  region size 1024K, 1 young (1024K), 1 survivors (1024K)
 Metaspace       used 84078K, committed 84736K, reserved 1122304K
  class space    used 11367K, committed 11648K, reserved 1048576K
}
Event: 9.518 GC heap before
{Heap before GC invocations=34 (full 0):
 garbage-first heap   total 147456K, used 118025K [0x0000000080000000, 0x0000000100000000)
  region size 1024K, 41 young (41984K), 1 survivors (1024K)
 Metaspace       used 86335K, committed 87040K, reserved 1130496K
  class space    used 11713K, committed 12032K, reserved 1048576K
}
Event: 9.521 GC heap after
{Heap after GC invocations=35 (full 0):
 garbage-first heap   total 147456K, used 79938K [0x0000000080000000, 0x0000000100000000)
  region size 1024K, 4 young (4096K), 4 survivors (4096K)
 Metaspace       used 86335K, committed 87040K, reserved 1130496K
  class space    used 11713K, committed 12032K, reserved 1048576K
}
Event: 9.870 GC heap before
{Heap before GC invocations=36 (full 0):
 garbage-first heap   total 147456K, used 118850K [0x0000000080000000, 0x0000000100000000)
  region size 1024K, 42 young (43008K), 4 survivors (4096K)
 Metaspace       used 87538K, committed 88256K, reserved 1130496K
  class space    used 11904K, committed 12224K, reserved 1048576K
}
Event: 9.874 GC heap after
{Heap after GC invocations=37 (full 0):
 garbage-first heap   total 147456K, used 83061K [0x0000000080000000, 0x0000000100000000)
  region size 1024K, 4 young (4096K), 4 survivors (4096K)
 Metaspace       used 87538K, committed 88256K, reserved 1130496K
  class space    used 11904K, committed 12224K, reserved 1048576K
}
Event: 9.914 GC heap before
{Heap before GC invocations=37 (full 0):
 garbage-first heap   total 147456K, used 85109K [0x0000000080000000, 0x0000000100000000)
  region size 1024K, 7 young (7168K), 4 survivors (4096K)
 Metaspace       used 87790K, committed 88576K, reserved 1130496K
  class space    used 11936K, committed 12288K, reserved 1048576K
}

