# JRE version: OpenJDK Runtime Environment (17.0.6) (build 17.0.6+0-b2043.56-9586694)
# Java VM: OpenJDK 64-Bit Server VM (17.0.6+0-b2043.56-9586694, mixed mode, tiered, compressed oops, compressed class ptrs, g1 gc, windows-amd64)
GC Precious Log:
 CPUs: 12 total, 12 available
 Memory: 10085M
 Large Page Support: Disabled
 NUMA Support: Disabled
 Compressed Oops: Enabled (Zero based)
 Heap Region Size: 2M
 Heap Min Capacity: 8M
 Heap Initial Capacity: 158M
 Heap Max Capacity: 2522M
 Pre-touch: Disabled
 Parallel Workers: 10
 Concurrent Workers: 3
 Concurrent Refinement Workers: 10
 Periodic GC: Disabled
Heap:
 garbage-first heap   total 161792K, used 82618K [0x0000000762600000, 0x0000000800000000)
  region size 2048K, 1 young (2048K), 1 survivors (2048K)
 Metaspace       used 71460K, committed 71808K, reserved 1114112K
  class space    used 8110K, committed 8256K, reserved 1048576K
GC Heap History (20 events):
Event: 7.396 GC heap after
{Heap after GC invocations=21 (full 0):
 garbage-first heap   total 88064K, used 51524K [0x0000000762600000, 0x0000000800000000)
  region size 2048K, 2 young (4096K), 2 survivors (4096K)
 Metaspace       used 60274K, committed 60608K, reserved 1105920K
  class space    used 7093K, committed 7232K, reserved 1048576K
}
Event: 7.572 GC heap before
{Heap before GC invocations=22 (full 0):
 garbage-first heap   total 96256K, used 65860K [0x0000000762600000, 0x0000000800000000)
  region size 2048K, 9 young (18432K), 2 survivors (4096K)
 Metaspace       used 60331K, committed 60672K, reserved 1105920K
  class space    used 7098K, committed 7232K, reserved 1048576K
}
Event: 7.581 GC heap after
{Heap after GC invocations=23 (full 0):
 garbage-first heap   total 96256K, used 54371K [0x0000000762600000, 0x0000000800000000)
  region size 2048K, 2 young (4096K), 2 survivors (4096K)
 Metaspace       used 60331K, committed 60672K, reserved 1105920K
  class space    used 7098K, committed 7232K, reserved 1048576K
}
Event: 7.591 GC heap before
{Heap before GC invocations=23 (full 0):
 garbage-first heap   total 96256K, used 56419K [0x0000000762600000, 0x0000000800000000)
  region size 2048K, 3 young (6144K), 2 survivors (4096K)
 Metaspace       used 60334K, committed 60672K, reserved 1105920K
  class space    used 7098K, committed 7232K, reserved 1048576K
}
Event: 7.600 GC heap after
{Heap after GC invocations=24 (full 0):
 garbage-first heap   total 124928K, used 55177K [0x0000000762600000, 0x0000000800000000)
  region size 2048K, 1 young (2048K), 1 survivors (2048K)
 Metaspace       used 60334K, committed 60672K, reserved 1105920K
  class space    used 7098K, committed 7232K, reserved 1048576K
}
Event: 7.938 GC heap before
{Heap before GC invocations=24 (full 0):
 garbage-first heap   total 124928K, used 92041K [0x0000000762600000, 0x0000000800000000)
  region size 2048K, 19 young (38912K), 1 survivors (2048K)
 Metaspace       used 61942K, committed 62208K, reserved 1105920K
  class space    used 7322K, committed 7424K, reserved 1048576K
}
Event: 7.946 GC heap after
{Heap after GC invocations=25 (full 0):
 garbage-first heap   total 124928K, used 58037K [0x0000000762600000, 0x0000000800000000)
  region size 2048K, 2 young (4096K), 2 survivors (4096K)
 Metaspace       used 61942K, committed 62208K, reserved 1105920K
  class space    used 7322K, committed 7424K, reserved 1048576K
}
Event: 8.014 GC heap before
{Heap before GC invocations=25 (full 0):
 garbage-first heap   total 124928K, used 92853K [0x0000000762600000, 0x0000000800000000)
  region size 2048K, 19 young (38912K), 2 survivors (4096K)
 Metaspace       used 61967K, committed 62208K, reserved 1105920K
  class space    used 7323K, committed 7424K, reserved 1048576K
}
Event: 8.019 GC heap after
{Heap after GC invocations=26 (full 0):
 garbage-first heap   total 124928K, used 58540K [0x0000000762600000, 0x0000000800000000)
  region size 2048K, 1 young (2048K), 1 survivors (2048K)
 Metaspace       used 61967K, committed 62208K, reserved 1105920K
  class space    used 7323K, committed 7424K, reserved 1048576K
}
Event: 8.632 GC heap before
{Heap before GC invocations=26 (full 0):
 garbage-first heap   total 124928K, used 93356K [0x0000000762600000, 0x0000000800000000)
  region size 2048K, 18 young (36864K), 1 survivors (2048K)
 Metaspace       used 65495K, committed 65792K, reserved 1114112K
  class space    used 7796K, committed 7936K, reserved 1048576K
}
Event: 8.637 GC heap after
{Heap after GC invocations=27 (full 0):
 garbage-first heap   total 124928K, used 60001K [0x0000000762600000, 0x0000000800000000)
  region size 2048K, 1 young (2048K), 1 survivors (2048K)
 Metaspace       used 65495K, committed 65792K, reserved 1114112K
  class space    used 7796K, committed 7936K, reserved 1048576K
}
Event: 10.394 GC heap before
{Heap before GC invocations=28 (full 0):
 garbage-first heap   total 124928K, used 96865K [0x0000000762600000, 0x0000000800000000)
  region size 2048K, 19 young (38912K), 1 survivors (2048K)
 Metaspace       used 68280K, committed 68608K, reserved 1114112K
  class space    used 7950K, committed 8128K, reserved 1048576K
}
Event: 10.409 GC heap after
{Heap after GC invocations=29 (full 0):
 garbage-first heap   total 124928K, used 64482K [0x0000000762600000, 0x0000000800000000)
  region size 2048K, 3 young (6144K), 3 survivors (6144K)
 Metaspace       used 68280K, committed 68608K, reserved 1114112K
  class space    used 7950K, committed 8128K, reserved 1048576K
}
Event: 11.505 GC heap before
{Heap before GC invocations=29 (full 0):
 garbage-first heap   total 124928K, used 97250K [0x0000000762600000, 0x0000000800000000)
  region size 2048K, 19 young (38912K), 3 survivors (6144K)
 Metaspace       used 69828K, committed 70144K, reserved 1114112K
  class space    used 8041K, committed 8192K, reserved 1048576K
}
Event: 11.528 GC heap after
{Heap after GC invocations=30 (full 0):
 garbage-first heap   total 124928K, used 70614K [0x0000000762600000, 0x0000000800000000)
  region size 2048K, 3 young (6144K), 3 survivors (6144K)
 Metaspace       used 69828K, committed 70144K, reserved 1114112K
  class space    used 8041K, committed 8192K, reserved 1048576K
}
Event: 12.619 GC heap before
{Heap before GC invocations=31 (full 0):
 garbage-first heap   total 126976K, used 95190K [0x0000000762600000, 0x0000000800000000)
  region size 2048K, 16 young (32768K), 3 survivors (6144K)
 Metaspace       used 70468K, committed 70784K, reserved 1114112K
  class space    used 8059K, committed 8192K, reserved 1048576K
}
Event: 12.635 GC heap after
{Heap after GC invocations=32 (full 0):
 garbage-first heap   total 126976K, used 73718K [0x0000000762600000, 0x0000000800000000)
  region size 2048K, 2 young (4096K), 2 survivors (4096K)
 Metaspace       used 70468K, committed 70784K, reserved 1114112K
  class space    used 8059K, committed 8192K, reserved 1048576K
}
Event: 13.527 GC heap before
{Heap before GC invocations=33 (full 0):
 garbage-first heap   total 133120K, used 102390K [0x0000000762600000, 0x0000000800000000)
  region size 2048K, 15 young (30720K), 2 survivors (4096K)
 Metaspace       used 70893K, committed 71168K, reserved 1114112K
  class space    used 8071K, committed 8192K, reserved 1048576K
}
Event: 13.537 GC heap after
{Heap after GC invocations=34 (full 0):
 garbage-first heap   total 133120K, used 80220K [0x0000000762600000, 0x0000000800000000)
  region size 2048K, 2 young (4096K), 2 survivors (4096K)
 Metaspace       used 70893K, committed 71168K, reserved 1114112K
  class space    used 8071K, committed 8192K, reserved 1048576K
}
Event: 14.595 GC heap before
{Heap before GC invocations=34 (full 0):
 garbage-first heap   total 133120K, used 106844K [0x0000000762600000, 0x0000000800000000)
  region size 2048K, 15 young (30720K), 2 survivors (4096K)
 Metaspace       used 71460K, committed 71808K, reserved 1114112K
  class space    used 8110K, committed 8256K, reserved 1048576K
}

