# JRE version: OpenJDK Runtime Environment (17.0.6) (build 17.0.6+0-b2043.56-9586694)
# Java VM: OpenJDK 64-Bit Server VM (17.0.6+0-b2043.56-9586694, mixed mode, tiered, compressed oops, compressed class ptrs, g1 gc, windows-amd64)
GC Precious Log:
 CPUs: 12 total, 12 available
 Memory: 10085M
 Large Page Support: Disabled
 NUMA Support: Disabled
 Compressed Oops: Enabled (32-bit)
 Heap Region Size: 1M
 Heap Min Capacity: 8M
 Heap Initial Capacity: 158M
 Heap Max Capacity: 2G
 Pre-touch: Disabled
 Parallel Workers: 10
 Concurrent Workers: 3
 Concurrent Refinement Workers: 10
 Periodic GC: Disabled
Heap:
 garbage-first heap   total 169984K, used 135678K [0x0000000080000000, 0x0000000100000000)
  region size 1024K, 45 young (46080K), 7 survivors (7168K)
 Metaspace       used 98616K, committed 99328K, reserved 1138688K
  class space    used 13386K, committed 13696K, reserved 1048576K
GC Heap History (20 events):
Event: 9.058 GC heap before
{Heap before GC invocations=25 (full 0):
 garbage-first heap   total 141312K, used 106398K [0x0000000080000000, 0x0000000100000000)
  region size 1024K, 46 young (47104K), 1 survivors (1024K)
 Metaspace       used 69848K, committed 70400K, reserved 1114112K
  class space    used 9164K, committed 9408K, reserved 1048576K
}
Event: 9.061 GC heap after
{Heap after GC invocations=26 (full 0):
 garbage-first heap   total 141312K, used 62891K [0x0000000080000000, 0x0000000100000000)
  region size 1024K, 4 young (4096K), 4 survivors (4096K)
 Metaspace       used 69848K, committed 70400K, reserved 1114112K
  class space    used 9164K, committed 9408K, reserved 1048576K
}
Event: 9.647 GC heap before
{Heap before GC invocations=26 (full 0):
 garbage-first heap   total 141312K, used 108971K [0x0000000080000000, 0x0000000100000000)
  region size 1024K, 49 young (50176K), 4 survivors (4096K)
 Metaspace       used 72385K, committed 73088K, reserved 1114112K
  class space    used 9534K, committed 9856K, reserved 1048576K
}
Event: 9.652 GC heap after
{Heap after GC invocations=27 (full 0):
 garbage-first heap   total 141312K, used 67000K [0x0000000080000000, 0x0000000100000000)
  region size 1024K, 7 young (7168K), 7 survivors (7168K)
 Metaspace       used 72385K, committed 73088K, reserved 1114112K
  class space    used 9534K, committed 9856K, reserved 1048576K
}
Event: 10.222 GC heap before
{Heap before GC invocations=27 (full 0):
 garbage-first heap   total 141312K, used 112056K [0x0000000080000000, 0x0000000100000000)
  region size 1024K, 51 young (52224K), 7 survivors (7168K)
 Metaspace       used 74325K, committed 75008K, reserved 1114112K
  class space    used 9791K, committed 10112K, reserved 1048576K
}
Event: 10.229 GC heap after
{Heap after GC invocations=28 (full 0):
 garbage-first heap   total 141312K, used 70789K [0x0000000080000000, 0x0000000100000000)
  region size 1024K, 4 young (4096K), 4 survivors (4096K)
 Metaspace       used 74325K, committed 75008K, reserved 1114112K
  class space    used 9791K, committed 10112K, reserved 1048576K
}
Event: 11.758 GC heap before
{Heap before GC invocations=28 (full 0):
 garbage-first heap   total 141312K, used 112773K [0x0000000080000000, 0x0000000100000000)
  region size 1024K, 45 young (46080K), 4 survivors (4096K)
 Metaspace       used 79224K, committed 79872K, reserved 1122304K
  class space    used 10683K, committed 11008K, reserved 1048576K
}
Event: 11.763 GC heap after
{Heap after GC invocations=29 (full 0):
 garbage-first heap   total 141312K, used 73721K [0x0000000080000000, 0x0000000100000000)
  region size 1024K, 3 young (3072K), 3 survivors (3072K)
 Metaspace       used 79224K, committed 79872K, reserved 1122304K
  class space    used 10683K, committed 11008K, reserved 1048576K
}
Event: 14.487 GC heap before
{Heap before GC invocations=29 (full 0):
 garbage-first heap   total 141312K, used 114681K [0x0000000080000000, 0x0000000100000000)
  region size 1024K, 43 young (44032K), 3 survivors (3072K)
 Metaspace       used 84246K, committed 84928K, reserved 1122304K
  class space    used 11374K, committed 11712K, reserved 1048576K
}
Event: 14.492 GC heap after
{Heap after GC invocations=30 (full 0):
 garbage-first heap   total 141312K, used 75976K [0x0000000080000000, 0x0000000100000000)
  region size 1024K, 5 young (5120K), 5 survivors (5120K)
 Metaspace       used 84246K, committed 84928K, reserved 1122304K
  class space    used 11374K, committed 11712K, reserved 1048576K
}
Event: 15.138 GC heap before
{Heap before GC invocations=30 (full 0):
 garbage-first heap   total 141312K, used 115912K [0x0000000080000000, 0x0000000100000000)
  region size 1024K, 44 young (45056K), 5 survivors (5120K)
 Metaspace       used 86494K, committed 87232K, reserved 1130496K
  class space    used 11718K, committed 12032K, reserved 1048576K
}
Event: 15.143 GC heap after
{Heap after GC invocations=31 (full 0):
 garbage-first heap   total 141312K, used 79576K [0x0000000080000000, 0x0000000100000000)
  region size 1024K, 6 young (6144K), 6 survivors (6144K)
 Metaspace       used 86494K, committed 87232K, reserved 1130496K
  class space    used 11718K, committed 12032K, reserved 1048576K
}
Event: 15.589 GC heap before
{Heap before GC invocations=31 (full 0):
 garbage-first heap   total 141312K, used 116440K [0x0000000080000000, 0x0000000100000000)
  region size 1024K, 42 young (43008K), 6 survivors (6144K)
 Metaspace       used 87466K, committed 88128K, reserved 1130496K
  class space    used 11863K, committed 12160K, reserved 1048576K
}
Event: 15.594 GC heap after
{Heap after GC invocations=32 (full 0):
 garbage-first heap   total 141312K, used 82693K [0x0000000080000000, 0x0000000100000000)
  region size 1024K, 4 young (4096K), 4 survivors (4096K)
 Metaspace       used 87466K, committed 88128K, reserved 1130496K
  class space    used 11863K, committed 12160K, reserved 1048576K
}
Event: 16.738 GC heap before
{Heap before GC invocations=32 (full 0):
 garbage-first heap   total 141312K, used 116485K [0x0000000080000000, 0x0000000100000000)
  region size 1024K, 37 young (37888K), 4 survivors (4096K)
 Metaspace       used 90851K, committed 91584K, reserved 1130496K
  class space    used 12399K, committed 12672K, reserved 1048576K
}
Event: 16.743 GC heap after
{Heap after GC invocations=33 (full 0):
 garbage-first heap   total 169984K, used 85430K [0x0000000080000000, 0x0000000100000000)
  region size 1024K, 3 young (3072K), 3 survivors (3072K)
 Metaspace       used 90851K, committed 91584K, reserved 1130496K
  class space    used 12399K, committed 12672K, reserved 1048576K
}
Event: 18.079 GC heap before
{Heap before GC invocations=33 (full 0):
 garbage-first heap   total 169984K, used 138678K [0x0000000080000000, 0x0000000100000000)
  region size 1024K, 55 young (56320K), 3 survivors (3072K)
 Metaspace       used 94824K, committed 95552K, reserved 1138688K
  class space    used 12919K, committed 13248K, reserved 1048576K
}
Event: 18.086 GC heap after
{Heap after GC invocations=34 (full 0):
 garbage-first heap   total 169984K, used 90431K [0x0000000080000000, 0x0000000100000000)
  region size 1024K, 7 young (7168K), 7 survivors (7168K)
 Metaspace       used 94824K, committed 95552K, reserved 1138688K
  class space    used 12919K, committed 13248K, reserved 1048576K
}
Event: 18.497 GC heap before
{Heap before GC invocations=34 (full 0):
 garbage-first heap   total 169984K, used 138559K [0x0000000080000000, 0x0000000100000000)
  region size 1024K, 55 young (56320K), 7 survivors (7168K)
 Metaspace       used 95265K, committed 96000K, reserved 1138688K
  class space    used 12950K, committed 13312K, reserved 1048576K
}
Event: 18.507 GC heap after
{Heap after GC invocations=35 (full 0):
 garbage-first heap   total 169984K, used 98814K [0x0000000080000000, 0x0000000100000000)
  region size 1024K, 7 young (7168K), 7 survivors (7168K)
 Metaspace       used 95265K, committed 96000K, reserved 1138688K
  class space    used 12950K, committed 13312K, reserved 1048576K
}

